#
# There is insufficient memory for the Java Runtime Environment to continue.
# Native memory allocation (mmap) failed to map 63963136 bytes for committing reserved memory.
# Possible reasons:
#   The system is out of physical RAM or swap space
#   In 32 bit mode, the process size limit was hit
# Possible solutions:
#   Reduce memory load on the system
#   Increase physical memory or swap space
#   Check if swap backing store is full
#   Use 64 bit Java on a 64 bit OS
#   Decrease Java heap size (-Xmx/-Xms)
#   Decrease number of Java threads
#   Decrease Java thread stack sizes (-Xss)
#   Set larger code cache with -XX:ReservedCodeCacheSize=
# This output file may be truncated or incomplete.
#
#  Out of Memory Error (os_linux.cpp:2630), pid=28539, tid=140435874641664
#
# JRE version: OpenJDK Runtime Environment (8.0_91-b14) (build 1.8.0_91-8u91-b14-3ubuntu1~16.04.1-b14)
# Java VM: OpenJDK 64-Bit Server VM (25.91-b14 mixed mode linux-amd64 compressed oops)
# Failed to write core dump. Core dumps have been disabled. To enable core dumping, try "ulimit -c unlimited" before starting Java again
#

---------------  T H R E A D  ---------------

Current thread (0x00007fb9e0079000):  VMThread [stack: 0x00007fb9c65bf000,0x00007fb9c66c0000] [id=28551]

Stack: [0x00007fb9c65bf000,0x00007fb9c66c0000],  sp=0x00007fb9c66be4c0,  free space=1021k
Native frames: (J=compiled Java code, j=interpreted, Vv=VM code, C=native code)
V  [libjvm.so+0xa5de1b]
V  [libjvm.so+0x4c178c]
V  [libjvm.so+0x8ae9d0]
V  [libjvm.so+0x8a8e4e]
V  [libjvm.so+0x922f46]
V  [libjvm.so+0x924273]
V  [libjvm.so+0x920923]
V  [libjvm.so+0x920bec]
V  [libjvm.so+0x8d3263]
V  [libjvm.so+0xa5fad2]
V  [libjvm.so+0xa64b57]
V  [libjvm.so+0xa62327]
V  [libjvm.so+0xa637af]
V  [libjvm.so+0xa63ca1]
V  [libjvm.so+0x8abeb2]

VM_Operation (0x00007fb9e75560b0): ParallelGCFailedAllocation, mode: safepoint, requested by thread 0x00007fb9e000b800


---------------  P R O C E S S  ---------------

Java Threads: ( => current thread )
  0x00007fb9e0235800 JavaThread "ReaderThread" [_thread_in_native, id=28560, stack(0x00007fb9c52ae000,0x00007fb9c53af000)]
  0x00007fb9e00bb800 JavaThread "Service Thread" daemon [_thread_blocked, id=28558, stack(0x00007fb9c5bdf000,0x00007fb9c5ce0000)]
  0x00007fb9e00b4000 JavaThread "C1 CompilerThread2" daemon [_thread_blocked, id=28557, stack(0x00007fb9c5ce0000,0x00007fb9c5de1000)]
  0x00007fb9e00b2800 JavaThread "C2 CompilerThread1" daemon [_thread_blocked, id=28556, stack(0x00007fb9c5de1000,0x00007fb9c5ee2000)]
  0x00007fb9e00af800 JavaThread "C2 CompilerThread0" daemon [_thread_blocked, id=28555, stack(0x00007fb9c5ee2000,0x00007fb9c5fe3000)]
  0x00007fb9e00ad800 JavaThread "Signal Dispatcher" daemon [_thread_blocked, id=28554, stack(0x00007fb9c5fe3000,0x00007fb9c60e4000)]
  0x00007fb9e0085000 JavaThread "Finalizer" daemon [_thread_blocked, id=28553, stack(0x00007fb9c63bd000,0x00007fb9c64be000)]
  0x00007fb9e0080800 JavaThread "Reference Handler" daemon [_thread_blocked, id=28552, stack(0x00007fb9c64be000,0x00007fb9c65bf000)]
  0x00007fb9e000b800 JavaThread "main" [_thread_blocked, id=28546, stack(0x00007fb9e745c000,0x00007fb9e755d000)]

Other Threads:
=>0x00007fb9e0079000 VMThread [stack: 0x00007fb9c65bf000,0x00007fb9c66c0000] [id=28551]
  0x00007fb9e00be000 WatcherThread [stack: 0x00007fb9c5ade000,0x00007fb9c5bdf000] [id=28559]

VM state:at safepoint (normal execution)

VM Mutex/Monitor currently owned by a thread:  ([mutex/lock_event])
[0x00007fb9e0007b70] Threads_lock - owner thread: 0x00007fb9e0079000
[0x00007fb9e0008070] Heap_lock - owner thread: 0x00007fb9e000b800

Heap:
 PSYoungGen      total 67584K, used 5112K [0x00000000d7f80000, 0x00000000dc680000, 0x0000000100000000)
  eden space 62464K, 0% used [0x00000000d7f80000,0x00000000d7f80000,0x00000000dbc80000)
  from space 5120K, 99% used [0x00000000dbc80000,0x00000000dc17e020,0x00000000dc180000)
  to   space 5120K, 0% used [0x00000000dc180000,0x00000000dc180000,0x00000000dc680000)
 ParOldGen       total 83456K, used 11933K [0x0000000087e00000, 0x000000008cf80000, 0x00000000d7f80000)
  object space 83456K, 14% used [0x0000000087e00000,0x00000000889a7490,0x000000008cf80000)
 Metaspace       used 10544K, capacity 10662K, committed 10880K, reserved 1058816K
  class space    used 1047K, capacity 1115K, committed 1152K, reserved 1048576K

Card table byte_map: [0x00007fb9d0675000,0x00007fb9d0a37000] byte_map_base: 0x00007fb9d0236000

Marking Bits: (ParMarkBitMap*) 0x00007fb9e6735fc0
 Begin Bits: [0x00007fb9cc3e0000, 0x00007fb9ce1e8000)
 End Bits:   [0x00007fb9ce1e8000, 0x00007fb9cfff0000)

Polling page: 0x00007fb9e7587000

CodeCache: size=245760Kb used=5175Kb max_used=5175Kb free=240584Kb
 bounds [0x00007fb9d0df7000, 0x00007fb9d1317000, 0x00007fb9dfdf7000]
 total_blobs=1709 nmethods=1416 adapters=207
 compilation: enabled

Compilation events (10 events):
Event: 7.917 Thread 0x00007fb9e00b4000 1430       3       sun.nio.cs.ISO_8859_1::newEncoder (10 bytes)
Event: 7.918 Thread 0x00007fb9e00b4000 nmethod 1430 0x00007fb9d1307710 code [0x00007fb9d13078e0, 0x00007fb9d1307de8]
Event: 7.918 Thread 0x00007fb9e00b4000 1432       3       sun.nio.cs.ISO_8859_1$Encoder::encode (136 bytes)
Event: 7.919 Thread 0x00007fb9e00b4000 nmethod 1432 0x00007fb9d13080d0 code [0x00007fb9d13082a0, 0x00007fb9d1308a88]
Event: 7.919 Thread 0x00007fb9e00b4000 1431       3       sun.nio.cs.ISO_8859_1$Encoder::implReplaceWith (8 bytes)
Event: 7.919 Thread 0x00007fb9e00b4000 nmethod 1431 0x00007fb9d1308dd0 code [0x00007fb9d1308f40, 0x00007fb9d13090b0]
Event: 7.931 Thread 0x00007fb9e00b4000 1433       3       java.util.Collections$UnmodifiableCollection::toArray (10 bytes)
Event: 7.931 Thread 0x00007fb9e00b4000 nmethod 1433 0x00007fb9d1309190 code [0x00007fb9d1309300, 0x00007fb9d1309528]
Event: 7.937 Thread 0x00007fb9e00b4000 1434   !   3       sun.reflect.GeneratedConstructorAccessor3::newInstance (49 bytes)
Event: 7.938 Thread 0x00007fb9e00b4000 nmethod 1434 0x00007fb9d13095d0 code [0x00007fb9d13097a0, 0x00007fb9d1309d28]

GC Heap History (5 events):
Event: 3.032 GC heap before
{Heap before GC invocations=1 (full 0):
 PSYoungGen      total 36352K, used 31232K [0x00000000d7f80000, 0x00000000da800000, 0x0000000100000000)
  eden space 31232K, 100% used [0x00000000d7f80000,0x00000000d9e00000,0x00000000d9e00000)
  from space 5120K, 0% used [0x00000000da300000,0x00000000da300000,0x00000000da800000)
  to   space 5120K, 0% used [0x00000000d9e00000,0x00000000d9e00000,0x00000000da300000)
 ParOldGen       total 83456K, used 0K [0x0000000087e00000, 0x000000008cf80000, 0x00000000d7f80000)
  object space 83456K, 0% used [0x0000000087e00000,0x0000000087e00000,0x000000008cf80000)
 Metaspace       used 6866K, capacity 6940K, committed 7168K, reserved 1056768K
  class space    used 719K, capacity 756K, committed 768K, reserved 1048576K
Event: 3.065 GC heap after
Heap after GC invocations=1 (full 0):
 PSYoungGen      total 36352K, used 4471K [0x00000000d7f80000, 0x00000000dc680000, 0x0000000100000000)
  eden space 31232K, 0% used [0x00000000d7f80000,0x00000000d7f80000,0x00000000d9e00000)
  from space 5120K, 87% used [0x00000000d9e00000,0x00000000da25ddc0,0x00000000da300000)
  to   space 5120K, 0% used [0x00000000dc180000,0x00000000dc180000,0x00000000dc680000)
 ParOldGen       total 83456K, used 0K [0x0000000087e00000, 0x000000008cf80000, 0x00000000d7f80000)
  object space 83456K, 0% used [0x0000000087e00000,0x0000000087e00000,0x000000008cf80000)
 Metaspace       used 6866K, capacity 6940K, committed 7168K, reserved 1056768K
  class space    used 719K, capacity 756K, committed 768K, reserved 1048576K
}
Event: 4.825 GC heap before
{Heap before GC invocations=2 (full 0):
 PSYoungGen      total 36352K, used 35703K [0x00000000d7f80000, 0x00000000dc680000, 0x0000000100000000)
  eden space 31232K, 100% used [0x00000000d7f80000,0x00000000d9e00000,0x00000000d9e00000)
  from space 5120K, 87% used [0x00000000d9e00000,0x00000000da25ddc0,0x00000000da300000)
  to   space 5120K, 0% used [0x00000000dc180000,0x00000000dc180000,0x00000000dc680000)
 ParOldGen       total 83456K, used 0K [0x0000000087e00000, 0x000000008cf80000, 0x00000000d7f80000)
  object space 83456K, 0% used [0x0000000087e00000,0x0000000087e00000,0x000000008cf80000)
 Metaspace       used 7378K, capacity 7514K, committed 7808K, reserved 1056768K
  class space    used 756K, capacity 793K, committed 896K, reserved 1048576K
Event: 4.917 GC heap after
Heap after GC invocations=2 (full 0):
 PSYoungGen      total 67584K, used 5104K [0x00000000d7f80000, 0x00000000dc680000, 0x0000000100000000)
  eden space 62464K, 0% used [0x00000000d7f80000,0x00000000d7f80000,0x00000000dbc80000)
  from space 5120K, 99% used [0x00000000dc180000,0x00000000dc67c010,0x00000000dc680000)
  to   space 5120K, 0% used [0x00000000dbc80000,0x00000000dbc80000,0x00000000dc180000)
 ParOldGen       total 83456K, used 2984K [0x0000000087e00000, 0x000000008cf80000, 0x00000000d7f80000)
  object space 83456K, 3% used [0x0000000087e00000,0x00000000880ea1a0,0x000000008cf80000)
 Metaspace       used 7378K, capacity 7514K, committed 7808K, reserved 1056768K
  class space    used 756K, capacity 793K, committed 896K, reserved 1048576K
}
Event: 7.947 GC heap before
{Heap before GC invocations=3 (full 0):
 PSYoungGen      total 67584K, used 67568K [0x00000000d7f80000, 0x00000000dc680000, 0x0000000100000000)
  eden space 62464K, 100% used [0x00000000d7f80000,0x00000000dbc80000,0x00000000dbc80000)
  from space 5120K, 99% used [0x00000000dc180000,0x00000000dc67c010,0x00000000dc680000)
  to   space 5120K, 0% used [0x00000000dbc80000,0x00000000dbc80000,0x00000000dc180000)
 ParOldGen       total 83456K, used 2984K [0x0000000087e00000, 0x000000008cf80000, 0x00000000d7f80000)
  object space 83456K, 3% used [0x0000000087e00000,0x00000000880ea1a0,0x000000008cf80000)
 Metaspace       used 10544K, capacity 10662K, committed 10880K, reserved 1058816K
  class space    used 1047K, capacity 1115K, committed 1152K, reserved 1048576K

Deoptimization events (10 events):
Event: 7.221 Thread 0x00007fb9e000b800 Uncommon trap: reason=class_check action=maybe_recompile pc=0x00007fb9d11484c0 method=java.util.LinkedHashMap.afterNodeInsertion(Z)V @ 15
Event: 7.221 Thread 0x00007fb9e000b800 Uncommon trap: reason=class_check action=maybe_recompile pc=0x00007fb9d11484c0 method=java.util.LinkedHashMap.afterNodeInsertion(Z)V @ 15
Event: 7.221 Thread 0x00007fb9e000b800 Uncommon trap: reason=class_check action=maybe_recompile pc=0x00007fb9d11484c0 method=java.util.LinkedHashMap.afterNodeInsertion(Z)V @ 15
Event: 7.225 Thread 0x00007fb9e000b800 Uncommon trap: reason=unstable_if action=reinterpret pc=0x00007fb9d0f7c0e8 method=sun.misc.URLClassPath.getLoader(I)Lsun/misc/URLClassPath$Loader; @ 36
Event: 7.227 Thread 0x00007fb9e000b800 Uncommon trap: reason=unstable_if action=reinterpret pc=0x00007fb9d0fd74a0 method=sun.misc.URLClassPath$JarLoader.getResource(Ljava/lang/String;Z)Lsun/misc/Resource; @ 4
Event: 7.227 Thread 0x00007fb9e000b800 Uncommon trap: reason=unstable_if action=reinterpret pc=0x00007fb9d0ff791c method=java.lang.String.startsWith(Ljava/lang/String;I)Z @ 37
Event: 7.227 Thread 0x00007fb9e000b800 Uncommon trap: reason=unstable_if action=reinterpret pc=0x00007fb9d0f58348 method=java.lang.String.startsWith(Ljava/lang/String;I)Z @ 37
Event: 7.227 Thread 0x00007fb9e000b800 Uncommon trap: reason=unstable_if action=reinterpret pc=0x00007fb9d0f7b47c method=sun.misc.URLClassPath.getLoader(I)Lsun/misc/URLClassPath$Loader; @ 36
Event: 7.227 Thread 0x00007fb9e000b800 Uncommon trap: reason=unstable_if action=reinterpret pc=0x00007fb9d0fcc7f4 method=sun.misc.URLClassPath$JarLoader.ensureOpen()V @ 4
Event: 7.292 Thread 0x00007fb9e000b800 Uncommon trap: reason=unstable_if action=reinterpret pc=0x00007fb9d0fced4c method=java.util.zip.ZipCoder.encoder()Ljava/nio/charset/CharsetEncoder; @ 4

Internal exceptions (9 events):
Event: 0.127 Thread 0x00007fb9e000b800 Exception <a 'java/lang/NoSuchMethodError': Method sun.misc.Unsafe.defineClass(Ljava/lang/String;[BII)Ljava/lang/Class; name or signature does not match> (0x00000000d7f87cc0) thrown at [/build/openjdk-8-W1Ghxo/openjdk-8-8u91-b14/src/hotspot/src/share/vm/p
Event: 0.127 Thread 0x00007fb9e000b800 Exception <a 'java/lang/NoSuchMethodError': Method sun.misc.Unsafe.prefetchRead(Ljava/lang/Object;J)V name or signature does not match> (0x00000000d7f87fa8) thrown at [/build/openjdk-8-W1Ghxo/openjdk-8-8u91-b14/src/hotspot/src/share/vm/prims/jni.cpp, line
Event: 7.230 Thread 0x00007fb9e000b800 Exception <a 'java/security/PrivilegedActionException'> (0x00000000db71b7d0) thrown at [/build/openjdk-8-W1Ghxo/openjdk-8-8u91-b14/src/hotspot/src/share/vm/prims/jvm.cpp, line 1386]
Event: 7.231 Thread 0x00007fb9e000b800 Exception <a 'java/security/PrivilegedActionException'> (0x00000000db71bdb0) thrown at [/build/openjdk-8-W1Ghxo/openjdk-8-8u91-b14/src/hotspot/src/share/vm/prims/jvm.cpp, line 1386]
Event: 7.232 Thread 0x00007fb9e000b800 Exception <a 'java/security/PrivilegedActionException'> (0x00000000db71e3d0) thrown at [/build/openjdk-8-W1Ghxo/openjdk-8-8u91-b14/src/hotspot/src/share/vm/prims/jvm.cpp, line 1386]
Event: 7.232 Thread 0x00007fb9e000b800 Exception <a 'java/security/PrivilegedActionException'> (0x00000000db71e9b0) thrown at [/build/openjdk-8-W1Ghxo/openjdk-8-8u91-b14/src/hotspot/src/share/vm/prims/jvm.cpp, line 1386]
Event: 7.232 Thread 0x00007fb9e000b800 Exception <a 'java/security/PrivilegedActionException'> (0x00000000db71fa38) thrown at [/build/openjdk-8-W1Ghxo/openjdk-8-8u91-b14/src/hotspot/src/share/vm/prims/jvm.cpp, line 1386]
Event: 7.232 Thread 0x00007fb9e000b800 Exception <a 'java/security/PrivilegedActionException'> (0x00000000db720018) thrown at [/build/openjdk-8-W1Ghxo/openjdk-8-8u91-b14/src/hotspot/src/share/vm/prims/jvm.cpp, line 1386]
Event: 7.291 Thread 0x00007fb9e000b800 Implicit null exception at 0x00007fb9d0fce4ec to 0x00007fb9d0fced1d

Events (10 events):
Event: 7.913 loading class org/eclipse/jdt/internal/compiler/ast/MarkerAnnotation done
Event: 7.923 loading class org/eclipse/jdt/internal/compiler/ast/ForeachStatement
Event: 7.923 loading class org/eclipse/jdt/internal/compiler/ast/ForeachStatement done
Event: 7.932 loading class org/eclipse/jdt/core/dom/EnhancedForStatement
Event: 7.932 loading class org/eclipse/jdt/core/dom/EnhancedForStatement done
Event: 7.935 loading class org/eclipse/jdt/internal/compiler/ast/FloatLiteral
Event: 7.935 loading class org/eclipse/jdt/internal/compiler/ast/FloatLiteral done
Event: 7.946 loading class org/eclipse/jdt/internal/compiler/ast/FieldReference
Event: 7.946 loading class org/eclipse/jdt/internal/compiler/ast/FieldReference done
Event: 7.946 Executing VM operation: ParallelGCFailedAllocation


Dynamic libraries:
00400000-00401000 r-xp 00000000 08:01 597                                /usr/lib/jvm/java-8-openjdk-amd64/jre/bin/java
00600000-00601000 r--p 00000000 08:01 597                                /usr/lib/jvm/java-8-openjdk-amd64/jre/bin/java
00601000-00602000 rw-p 00001000 08:01 597                                /usr/lib/jvm/java-8-openjdk-amd64/jre/bin/java
00c7e000-00c9f000 rw-p 00000000 00:00 0                                  [heap]
87e00000-8cf80000 rw-p 00000000 00:00 0 
8cf80000-d7f80000 ---p 00000000 00:00 0 
d7f80000-dc680000 rw-p 00000000 00:00 0 
e0380000-100000000 ---p 00000000 00:00 0 
100000000-100120000 rw-p 00000000 00:00 0 
100120000-140000000 ---p 00000000 00:00 0 
7fb988000000-7fb988021000 rw-p 00000000 00:00 0 
7fb988021000-7fb98c000000 ---p 00000000 00:00 0 
7fb990000000-7fb990021000 rw-p 00000000 00:00 0 
7fb990021000-7fb994000000 ---p 00000000 00:00 0 
7fb994000000-7fb994021000 rw-p 00000000 00:00 0 
7fb994021000-7fb998000000 ---p 00000000 00:00 0 
7fb998000000-7fb998cbe000 rw-p 00000000 00:00 0 
7fb998cbe000-7fb99c000000 ---p 00000000 00:00 0 
7fb99c000000-7fb99c7ae000 rw-p 00000000 00:00 0 
7fb99c7ae000-7fb9a0000000 ---p 00000000 00:00 0 
7fb9a0000000-7fb9a0021000 rw-p 00000000 00:00 0 
7fb9a0021000-7fb9a4000000 ---p 00000000 00:00 0 
7fb9a4000000-7fb9a4948000 rw-p 00000000 00:00 0 
7fb9a4948000-7fb9a8000000 ---p 00000000 00:00 0 
7fb9a8000000-7fb9a8021000 rw-p 00000000 00:00 0 
7fb9a8021000-7fb9ac000000 ---p 00000000 00:00 0 
7fb9ac000000-7fb9ac021000 rw-p 00000000 00:00 0 
7fb9ac021000-7fb9b0000000 ---p 00000000 00:00 0 
7fb9b0000000-7fb9b0021000 rw-p 00000000 00:00 0 
7fb9b0021000-7fb9b4000000 ---p 00000000 00:00 0 
7fb9b4000000-7fb9b4021000 rw-p 00000000 00:00 0 
7fb9b4021000-7fb9b8000000 ---p 00000000 00:00 0 
7fb9b8000000-7fb9b8021000 rw-p 00000000 00:00 0 
7fb9b8021000-7fb9bc000000 ---p 00000000 00:00 0 
7fb9c0000000-7fb9c0021000 rw-p 00000000 00:00 0 
7fb9c0021000-7fb9c4000000 ---p 00000000 00:00 0 
7fb9c50a7000-7fb9c5227000 rw-p 00000000 00:00 0 
7fb9c5227000-7fb9c52a7000 ---p 00000000 00:00 0 
7fb9c52a7000-7fb9c52aa000 r--s 00015000 08:01 30542212                   /usr/lib/jvm/java-8-openjdk-amd64/jre/lib/jce.jar
7fb9c52aa000-7fb9c52ae000 r--s 00097000 08:01 30543409                   /usr/lib/jvm/java-8-openjdk-amd64/jre/lib/jsse.jar
7fb9c52ae000-7fb9c52b1000 ---p 00000000 00:00 0 
7fb9c52b1000-7fb9c56b0000 rw-p 00000000 00:00 0 
7fb9c56b0000-7fb9c56c7000 r-xp 00000000 08:01 6444                       /usr/lib/jvm/java-8-openjdk-amd64/jre/lib/amd64/libnet.so
7fb9c56c7000-7fb9c58c6000 ---p 00017000 08:01 6444                       /usr/lib/jvm/java-8-openjdk-amd64/jre/lib/amd64/libnet.so
7fb9c58c6000-7fb9c58c7000 r--p 00016000 08:01 6444                       /usr/lib/jvm/java-8-openjdk-amd64/jre/lib/amd64/libnet.so
7fb9c58c7000-7fb9c58c8000 rw-p 00017000 08:01 6444                       /usr/lib/jvm/java-8-openjdk-amd64/jre/lib/amd64/libnet.so
7fb9c58c8000-7fb9c58ca000 r--s 00009000 00:2c 1051729                    /home/yogi/.m2/repository/org/hamcrest/hamcrest-core/1.3/hamcrest-core-1.3.jar
7fb9c58ca000-7fb9c58d2000 r--s 00045000 00:2c 1051726                    /home/yogi/.m2/repository/junit/junit/4.12/junit-4.12.jar
7fb9c58d2000-7fb9c58d6000 r--s 00022000 00:2c 11801597                   /home/yogi/git/spartan-refactoring/lib/spartan-1.1.jar
7fb9c58d6000-7fb9c58f4000 r--s 00110000 00:2c 11801690                   /home/yogi/git/spartan-refactoring/lib/mockito-all-2.0.2-beta.jar
7fb9c58f4000-7fb9c58fc000 r--s 00045000 00:2c 11801689                   /home/yogi/git/spartan-refactoring/lib/junit-4.12.jar
7fb9c58fc000-7fb9c5902000 r--s 00045000 00:2c 11801695                   /home/yogi/git/spartan-refactoring/lib/hamcrest-all-1.3.jar
7fb9c5902000-7fb9c5905000 r--s 00018000 00:2c 19007306                   /home/yogi/.p2/pool/plugins/org.eclipse.ui.views_3.8.100.v20160518-1929.jar
7fb9c5905000-7fb9c5907000 r--s 0000c000 00:2c 19006372                   /home/yogi/.p2/pool/plugins/org.hamcrest.core_1.3.0.v201303031735.jar
7fb9c5907000-7fb9c590f000 r--s 00045000 00:2c 19007253                   /home/yogi/.p2/pool/plugins/org.junit_4.12.0.v201504281640/junit.jar
7fb9c590f000-7fb9c5932000 r--s 00223000 00:2c 19007026                   /home/yogi/.p2/pool/plugins/org.eclipse.ui.ide_3.12.0.v20160601-1609.jar
7fb9c5932000-7fb9c593d000 r--s 000cd000 00:2c 19007023                   /home/yogi/.p2/pool/plugins/org.eclipse.core.resources_3.11.0.v20160503-1608.jar
7fb9c593d000-7fb9c5942000 r--s 0003d000 00:2c 19007226                   /home/yogi/.p2/pool/plugins/org.eclipse.text_3.6.0.v20160503-1849.jar
7fb9c5942000-7fb9c5956000 r--s 000f2000 00:2c 19007210                   /home/yogi/.p2/pool/plugins/org.eclipse.jface.text_3.11.0.v20160505-1301.jar
7fb9c5956000-7fb9c59f7000 r--s 00a6e000 00:2c 19006775                   /home/yogi/.p2/pool/plugins/org.eclipse.jdt.ui_3.12.0.v20160525-1829.jar
7fb9c59f7000-7fb9c59f8000 r--s 00010000 00:2c 19006626                   /home/yogi/.p2/pool/plugins/org.eclipse.jdt.compiler.tool_1.1.100.v20160418-1457.jar
7fb9c59f8000-7fb9c59fb000 r--s 00027000 00:2c 19007380                   /home/yogi/.p2/pool/plugins/org.eclipse.jdt.compiler.apt_1.2.100.v20160418-1457.jar
7fb9c59fb000-7fb9c5a2b000 r--s 0055d000 00:2c 19006780                   /home/yogi/.p2/pool/plugins/org.eclipse.jdt.core_3.12.0.v20160516-2131.jar
7fb9c5a2b000-7fb9c5a35000 r--s 00071000 00:2c 19007051                   /home/yogi/.p2/pool/plugins/org.eclipse.ltk.ui.refactoring_3.8.0.v20160518-1817.jar
7fb9c5a35000-7fb9c5a3d000 r--s 0004d000 00:2c 19007203                   /home/yogi/.p2/pool/plugins/org.eclipse.ltk.core.refactoring_3.7.0.v20160419-0705.jar
7fb9c5a3d000-7fb9c5a3f000 r--s 00014000 00:2c 19007341                   /home/yogi/.p2/pool/plugins/org.eclipse.equinox.app_1.3.400.v20150715-1528.jar
7fb9c5a3f000-7fb9c5a41000 r--s 00017000 00:2c 19006728                   /home/yogi/.p2/pool/plugins/org.eclipse.core.contenttype_3.5.100.v20160418-1621.jar
7fb9c5a41000-7fb9c5a44000 r--s 0001e000 00:2c 19007405                   /home/yogi/.p2/pool/plugins/org.eclipse.equinox.preferences_3.6.0.v20160120-1756.jar
7fb9c5a44000-7fb9c5a59000 r--s 0013d000 00:2c 19006908                   /home/yogi/.p2/pool/plugins/org.eclipse.osgi_3.11.0.v20160603-1336.jar
7fb9c5a59000-7fb9c5a9b000 r--s 00398000 00:2c 19006942                   /home/yogi/.p2/pool/plugins/org.eclipse.ui.workbench_3.108.0.v20160602-1232.jar
7fb9c5a9b000-7fb9c5aad000 r--s 000f8000 00:2c 19007201                   /home/yogi/.p2/pool/plugins/org.eclipse.jface_3.12.0.v20160518-1929.jar
7fb9c5aad000-7fb9c5ac2000 r--s 0028f000 00:2c 19006784                   /home/yogi/.p2/pool/plugins/org.eclipse.swt.gtk.linux.x86_64_3.105.0.v20160603-0902.jar
7fb9c5ac2000-7fb9c5ade000 r--s 00393000 08:01 6481                       /usr/lib/jvm/java-8-openjdk-amd64/jre/lib/ext/cldrdata.jar
7fb9c5ade000-7fb9c5adf000 ---p 00000000 00:00 0 
7fb9c5adf000-7fb9c5bdf000 rw-p 00000000 00:00 0 
7fb9c5bdf000-7fb9c5be2000 ---p 00000000 00:00 0 
7fb9c5be2000-7fb9c5ce0000 rw-p 00000000 00:00 0 
7fb9c5ce0000-7fb9c5ce3000 ---p 00000000 00:00 0 
7fb9c5ce3000-7fb9c5de1000 rw-p 00000000 00:00 0 
7fb9c5de1000-7fb9c5de4000 ---p 00000000 00:00 0 
7fb9c5de4000-7fb9c5ee2000 rw-p 00000000 00:00 0 
7fb9c5ee2000-7fb9c5ee5000 ---p 00000000 00:00 0 
7fb9c5ee5000-7fb9c5fe3000 rw-p 00000000 00:00 0 
7fb9c5fe3000-7fb9c5fe6000 ---p 00000000 00:00 0 
7fb9c5fe6000-7fb9c60e4000 rw-p 00000000 00:00 0 
7fb9c60e4000-7fb9c63bd000 r--p 00000000 08:01 29115341                   /usr/lib/locale/locale-archive
7fb9c63bd000-7fb9c63c0000 ---p 00000000 00:00 0 
7fb9c63c0000-7fb9c64be000 rw-p 00000000 00:00 0 
7fb9c64be000-7fb9c64c1000 ---p 00000000 00:00 0 
7fb9c64c1000-7fb9c65bf000 rw-p 00000000 00:00 0 
7fb9c65bf000-7fb9c65c0000 ---p 00000000 00:00 0 
7fb9c65c0000-7fb9c7632000 rw-p 00000000 00:00 0 
7fb9c7632000-7fb9c7800000 r--s 03beb000 08:01 30542468                   /usr/lib/jvm/java-8-openjdk-amd64/jre/lib/rt.jar
7fb9c7800000-7fb9c8000000 rw-p 00000000 00:00 0 
7fb9c8000000-7fb9c8021000 rw-p 00000000 00:00 0 
7fb9c8021000-7fb9cc000000 ---p 00000000 00:00 0 
7fb9cc000000-7fb9cc004000 r--s 0002a000 00:2c 19007260                   /home/yogi/.p2/pool/plugins/org.eclipse.equinox.registry_3.6.100.v20160223-2218.jar
7fb9cc004000-7fb9cc01f000 r--s 001d7000 08:01 6479                       /usr/lib/jvm/java-8-openjdk-amd64/jre/lib/ext/nashorn.jar
7fb9cc01f000-7fb9cfff0000 rw-p 00000000 00:00 0 
7fb9cfff0000-7fb9cfff1000 ---p 00000000 00:00 0 
7fb9cfff1000-7fb9d00f1000 rw-p 00000000 00:00 0 
7fb9d00f1000-7fb9d00f2000 ---p 00000000 00:00 0 
7fb9d00f2000-7fb9d01f2000 rw-p 00000000 00:00 0 
7fb9d01f2000-7fb9d01f3000 ---p 00000000 00:00 0 
7fb9d01f3000-7fb9d02f3000 rw-p 00000000 00:00 0 
7fb9d02f3000-7fb9d02f4000 ---p 00000000 00:00 0 
7fb9d02f4000-7fb9d041d000 rw-p 00000000 00:00 0 
7fb9d041d000-7fb9d0675000 ---p 00000000 00:00 0 
7fb9d0675000-7fb9d069e000 rw-p 00000000 00:00 0 
7fb9d069e000-7fb9d08f5000 ---p 00000000 00:00 0 
7fb9d08f5000-7fb9d091a000 rw-p 00000000 00:00 0 
7fb9d091a000-7fb9d0a36000 ---p 00000000 00:00 0 
7fb9d0a36000-7fb9d0a4c000 rw-p 00000000 00:00 0 
7fb9d0a4c000-7fb9d0df7000 ---p 00000000 00:00 0 
7fb9d0df7000-7fb9d1317000 rwxp 00000000 00:00 0 
7fb9d1317000-7fb9dfdf7000 ---p 00000000 00:00 0 
7fb9dfdf7000-7fb9dfdff000 r-xp 00000000 08:01 6450                       /usr/lib/jvm/java-8-openjdk-amd64/jre/lib/amd64/libzip.so
7fb9dfdff000-7fb9dfffe000 ---p 00008000 08:01 6450                       /usr/lib/jvm/java-8-openjdk-amd64/jre/lib/amd64/libzip.so
7fb9dfffe000-7fb9dffff000 r--p 00007000 08:01 6450                       /usr/lib/jvm/java-8-openjdk-amd64/jre/lib/amd64/libzip.so
7fb9dffff000-7fb9e0000000 rw-p 00008000 08:01 6450                       /usr/lib/jvm/java-8-openjdk-amd64/jre/lib/amd64/libzip.so
7fb9e0000000-7fb9e061e000 rw-p 00000000 00:00 0 
7fb9e061e000-7fb9e4000000 ---p 00000000 00:00 0 
7fb9e4000000-7fb9e4003000 r--s 00019000 00:2c 19006758                   /home/yogi/.p2/pool/plugins/org.eclipse.core.jobs_3.8.0.v20160509-0411.jar
7fb9e4003000-7fb9e4006000 r--s 0001b000 00:2c 19006774                   /home/yogi/.p2/pool/plugins/org.eclipse.equinox.common_3.8.0.v20160509-1230.jar
7fb9e4006000-7fb9e4009000 r--s 00039000 00:2c 19007234                   /home/yogi/.p2/pool/plugins/org.eclipse.osgi.compatibility.state_1.0.200.v20160504-1419.jar
7fb9e4009000-7fb9e400b000 r--s 00003000 00:2c 19005954                   /home/yogi/.p2/pool/plugins/javax.inject_1.0.0.v20091030.jar
7fb9e400b000-7fb9e4014000 r--s 00058000 00:2c 19007224                   /home/yogi/.p2/pool/plugins/org.eclipse.ui_3.108.0.v20160518-1929.jar
7fb9e4014000-7fb9e40f8000 rw-p 00000000 00:00 0 
7fb9e40f8000-7fb9e4103000 r-xp 00000000 08:01 6684972                    /lib/x86_64-linux-gnu/libnss_files-2.23.so
7fb9e4103000-7fb9e4302000 ---p 0000b000 08:01 6684972                    /lib/x86_64-linux-gnu/libnss_files-2.23.so
7fb9e4302000-7fb9e4303000 r--p 0000a000 08:01 6684972                    /lib/x86_64-linux-gnu/libnss_files-2.23.so
7fb9e4303000-7fb9e4304000 rw-p 0000b000 08:01 6684972                    /lib/x86_64-linux-gnu/libnss_files-2.23.so
7fb9e4304000-7fb9e430a000 rw-p 00000000 00:00 0 
7fb9e430a000-7fb9e4315000 r-xp 00000000 08:01 6684945                    /lib/x86_64-linux-gnu/libnss_nis-2.23.so
7fb9e4315000-7fb9e4514000 ---p 0000b000 08:01 6684945                    /lib/x86_64-linux-gnu/libnss_nis-2.23.so
7fb9e4514000-7fb9e4515000 r--p 0000a000 08:01 6684945                    /lib/x86_64-linux-gnu/libnss_nis-2.23.so
7fb9e4515000-7fb9e4516000 rw-p 0000b000 08:01 6684945                    /lib/x86_64-linux-gnu/libnss_nis-2.23.so
7fb9e4516000-7fb9e452c000 r-xp 00000000 08:01 6684941                    /lib/x86_64-linux-gnu/libnsl-2.23.so
7fb9e452c000-7fb9e472b000 ---p 00016000 08:01 6684941                    /lib/x86_64-linux-gnu/libnsl-2.23.so
7fb9e472b000-7fb9e472c000 r--p 00015000 08:01 6684941                    /lib/x86_64-linux-gnu/libnsl-2.23.so
7fb9e472c000-7fb9e472d000 rw-p 00016000 08:01 6684941                    /lib/x86_64-linux-gnu/libnsl-2.23.so
7fb9e472d000-7fb9e472f000 rw-p 00000000 00:00 0 
7fb9e472f000-7fb9e4737000 r-xp 00000000 08:01 6684935                    /lib/x86_64-linux-gnu/libnss_compat-2.23.so
7fb9e4737000-7fb9e4936000 ---p 00008000 08:01 6684935                    /lib/x86_64-linux-gnu/libnss_compat-2.23.so
7fb9e4936000-7fb9e4937000 r--p 00007000 08:01 6684935                    /lib/x86_64-linux-gnu/libnss_compat-2.23.so
7fb9e4937000-7fb9e4938000 rw-p 00008000 08:01 6684935                    /lib/x86_64-linux-gnu/libnss_compat-2.23.so
7fb9e4938000-7fb9e4965000 r-xp 00000000 08:01 6436                       /usr/lib/jvm/java-8-openjdk-amd64/jre/lib/amd64/libjava.so
7fb9e4965000-7fb9e4b64000 ---p 0002d000 08:01 6436                       /usr/lib/jvm/java-8-openjdk-amd64/jre/lib/amd64/libjava.so
7fb9e4b64000-7fb9e4b65000 r--p 0002c000 08:01 6436                       /usr/lib/jvm/java-8-openjdk-amd64/jre/lib/amd64/libjava.so
7fb9e4b65000-7fb9e4b67000 rw-p 0002d000 08:01 6436                       /usr/lib/jvm/java-8-openjdk-amd64/jre/lib/amd64/libjava.so
7fb9e4b67000-7fb9e4b76000 r-xp 00000000 08:01 6437                       /usr/lib/jvm/java-8-openjdk-amd64/jre/lib/amd64/libverify.so
7fb9e4b76000-7fb9e4d75000 ---p 0000f000 08:01 6437                       /usr/lib/jvm/java-8-openjdk-amd64/jre/lib/amd64/libverify.so
7fb9e4d75000-7fb9e4d77000 r--p 0000e000 08:01 6437                       /usr/lib/jvm/java-8-openjdk-amd64/jre/lib/amd64/libverify.so
7fb9e4d77000-7fb9e4d78000 rw-p 00010000 08:01 6437                       /usr/lib/jvm/java-8-openjdk-amd64/jre/lib/amd64/libverify.so
7fb9e4d78000-7fb9e4d7f000 r-xp 00000000 08:01 6684981                    /lib/x86_64-linux-gnu/librt-2.23.so
7fb9e4d7f000-7fb9e4f7e000 ---p 00007000 08:01 6684981                    /lib/x86_64-linux-gnu/librt-2.23.so
7fb9e4f7e000-7fb9e4f7f000 r--p 00006000 08:01 6684981                    /lib/x86_64-linux-gnu/librt-2.23.so
7fb9e4f7f000-7fb9e4f80000 rw-p 00007000 08:01 6684981                    /lib/x86_64-linux-gnu/librt-2.23.so
7fb9e4f80000-7fb9e4f96000 r-xp 00000000 08:01 6684804                    /lib/x86_64-linux-gnu/libgcc_s.so.1
7fb9e4f96000-7fb9e5195000 ---p 00016000 08:01 6684804                    /lib/x86_64-linux-gnu/libgcc_s.so.1
7fb9e5195000-7fb9e5196000 rw-p 00015000 08:01 6684804                    /lib/x86_64-linux-gnu/libgcc_s.so.1
7fb9e5196000-7fb9e529e000 r-xp 00000000 08:01 6684978                    /lib/x86_64-linux-gnu/libm-2.23.so
7fb9e529e000-7fb9e549d000 ---p 00108000 08:01 6684978                    /lib/x86_64-linux-gnu/libm-2.23.so
7fb9e549d000-7fb9e549e000 r--p 00107000 08:01 6684978                    /lib/x86_64-linux-gnu/libm-2.23.so
7fb9e549e000-7fb9e549f000 rw-p 00108000 08:01 6684978                    /lib/x86_64-linux-gnu/libm-2.23.so
7fb9e549f000-7fb9e5611000 r-xp 00000000 08:01 29098690                   /usr/lib/x86_64-linux-gnu/libstdc++.so.6.0.21
7fb9e5611000-7fb9e5811000 ---p 00172000 08:01 29098690                   /usr/lib/x86_64-linux-gnu/libstdc++.so.6.0.21
7fb9e5811000-7fb9e581b000 r--p 00172000 08:01 29098690                   /usr/lib/x86_64-linux-gnu/libstdc++.so.6.0.21
7fb9e581b000-7fb9e581d000 rw-p 0017c000 08:01 29098690                   /usr/lib/x86_64-linux-gnu/libstdc++.so.6.0.21
7fb9e581d000-7fb9e5821000 rw-p 00000000 00:00 0 
7fb9e5821000-7fb9e6467000 r-xp 00000000 08:01 6448                       /usr/lib/jvm/java-8-openjdk-amd64/jre/lib/amd64/server/libjvm.so
7fb9e6467000-7fb9e6667000 ---p 00c46000 08:01 6448                       /usr/lib/jvm/java-8-openjdk-amd64/jre/lib/amd64/server/libjvm.so
7fb9e6667000-7fb9e66fa000 r--p 00c46000 08:01 6448                       /usr/lib/jvm/java-8-openjdk-amd64/jre/lib/amd64/server/libjvm.so
7fb9e66fa000-7fb9e6722000 rw-p 00cd9000 08:01 6448                       /usr/lib/jvm/java-8-openjdk-amd64/jre/lib/amd64/server/libjvm.so
7fb9e6722000-7fb9e6752000 rw-p 00000000 00:00 0 
7fb9e6752000-7fb9e676a000 r-xp 00000000 08:01 6684986                    /lib/x86_64-linux-gnu/libpthread-2.23.so
7fb9e676a000-7fb9e6969000 ---p 00018000 08:01 6684986                    /lib/x86_64-linux-gnu/libpthread-2.23.so
7fb9e6969000-7fb9e696a000 r--p 00017000 08:01 6684986                    /lib/x86_64-linux-gnu/libpthread-2.23.so
7fb9e696a000-7fb9e696b000 rw-p 00018000 08:01 6684986                    /lib/x86_64-linux-gnu/libpthread-2.23.so
7fb9e696b000-7fb9e696f000 rw-p 00000000 00:00 0 
7fb9e696f000-7fb9e6972000 r-xp 00000000 08:01 6684990                    /lib/x86_64-linux-gnu/libdl-2.23.so
7fb9e6972000-7fb9e6b71000 ---p 00003000 08:01 6684990                    /lib/x86_64-linux-gnu/libdl-2.23.so
7fb9e6b71000-7fb9e6b72000 r--p 00002000 08:01 6684990                    /lib/x86_64-linux-gnu/libdl-2.23.so
7fb9e6b72000-7fb9e6b73000 rw-p 00003000 08:01 6684990                    /lib/x86_64-linux-gnu/libdl-2.23.so
7fb9e6b73000-7fb9e6b8c000 r-xp 00000000 08:01 6685071                    /lib/x86_64-linux-gnu/libz.so.1.2.8
7fb9e6b8c000-7fb9e6d8b000 ---p 00019000 08:01 6685071                    /lib/x86_64-linux-gnu/libz.so.1.2.8
7fb9e6d8b000-7fb9e6d8c000 r--p 00018000 08:01 6685071                    /lib/x86_64-linux-gnu/libz.so.1.2.8
7fb9e6d8c000-7fb9e6d8d000 rw-p 00019000 08:01 6685071                    /lib/x86_64-linux-gnu/libz.so.1.2.8
7fb9e6d8d000-7fb9e6f4d000 r-xp 00000000 08:01 6684988                    /lib/x86_64-linux-gnu/libc-2.23.so
7fb9e6f4d000-7fb9e714c000 ---p 001c0000 08:01 6684988                    /lib/x86_64-linux-gnu/libc-2.23.so
7fb9e714c000-7fb9e7150000 r--p 001bf000 08:01 6684988                    /lib/x86_64-linux-gnu/libc-2.23.so
7fb9e7150000-7fb9e7152000 rw-p 001c3000 08:01 6684988                    /lib/x86_64-linux-gnu/libc-2.23.so
7fb9e7152000-7fb9e7156000 rw-p 00000000 00:00 0 
7fb9e7156000-7fb9e7163000 r-xp 00000000 08:01 6463                       /usr/lib/jvm/java-8-openjdk-amd64/jre/lib/amd64/jli/libjli.so
7fb9e7163000-7fb9e7363000 ---p 0000d000 08:01 6463                       /usr/lib/jvm/java-8-openjdk-amd64/jre/lib/amd64/jli/libjli.so
7fb9e7363000-7fb9e7364000 r--p 0000d000 08:01 6463                       /usr/lib/jvm/java-8-openjdk-amd64/jre/lib/amd64/jli/libjli.so
7fb9e7364000-7fb9e7365000 rw-p 0000e000 08:01 6463                       /usr/lib/jvm/java-8-openjdk-amd64/jre/lib/amd64/jli/libjli.so
7fb9e7365000-7fb9e738b000 r-xp 00000000 08:01 6684982                    /lib/x86_64-linux-gnu/ld-2.23.so
7fb9e738b000-7fb9e738d000 r--s 00011000 00:2c 19006711                   /home/yogi/.p2/pool/plugins/org.eclipse.core.runtime_3.12.0.v20160606-1342.jar
7fb9e738d000-7fb9e738e000 r--s 00002000 00:2c 19005893                   /home/yogi/.p2/pool/plugins/org.eclipse.e4.ui.workbench3_0.13.100.v20160506-0759.jar
7fb9e738e000-7fb9e7392000 r--s 00019000 00:2c 19007301                   /home/yogi/.p2/pool/plugins/org.eclipse.core.commands_3.8.0.v20160316-1921.jar
7fb9e7392000-7fb9e745c000 rw-p 00000000 00:00 0 
7fb9e745c000-7fb9e745f000 ---p 00000000 00:00 0 
7fb9e745f000-7fb9e7562000 rw-p 00000000 00:00 0 
7fb9e7562000-7fb9e7563000 r--s 00004000 00:2c 19006219                   /home/yogi/.p2/pool/plugins/org.eclipse.swt_3.105.0.v20160603-0902.jar
7fb9e7563000-7fb9e7564000 r--s 00008000 08:01 6482                       /usr/lib/jvm/java-8-openjdk-amd64/jre/lib/ext/sunec.jar
7fb9e7564000-7fb9e7565000 r--s 0000a000 08:01 6483                       /usr/lib/jvm/java-8-openjdk-amd64/jre/lib/ext/jaccess.jar
7fb9e7565000-7fb9e756f000 r--s 00116000 08:01 6487                       /usr/lib/jvm/java-8-openjdk-amd64/jre/lib/ext/localedata.jar
7fb9e756f000-7fb9e7574000 r--s 0003b000 08:01 6485                       /usr/lib/jvm/java-8-openjdk-amd64/jre/lib/ext/sunjce_provider.jar
7fb9e7574000-7fb9e7578000 r--s 00037000 08:01 6488                       /usr/lib/jvm/java-8-openjdk-amd64/jre/lib/ext/sunpkcs11.jar
7fb9e7578000-7fb9e757b000 r--s 0000f000 08:01 6486                       /usr/lib/jvm/java-8-openjdk-amd64/jre/lib/ext/icedtea-sound.jar
7fb9e757b000-7fb9e757d000 r--s 00001000 08:01 6480                       /usr/lib/jvm/java-8-openjdk-amd64/jre/lib/ext/dnsns.jar
7fb9e757d000-7fb9e757e000 r--s 00010000 08:01 6484                       /usr/lib/jvm/java-8-openjdk-amd64/jre/lib/ext/zipfs.jar
7fb9e757e000-7fb9e7586000 rw-s 00000000 08:01 8130831                    /tmp/hsperfdata_yogi/28539
7fb9e7586000-7fb9e7587000 rw-p 00000000 00:00 0 
7fb9e7587000-7fb9e7588000 ---p 00000000 00:00 0 
7fb9e7588000-7fb9e758a000 rw-p 00000000 00:00 0 
7fb9e758a000-7fb9e758b000 r--p 00025000 08:01 6684982                    /lib/x86_64-linux-gnu/ld-2.23.so
7fb9e758b000-7fb9e758c000 rw-p 00026000 08:01 6684982                    /lib/x86_64-linux-gnu/ld-2.23.so
7fb9e758c000-7fb9e758d000 rw-p 00000000 00:00 0 
7ffe29b50000-7ffe29b72000 rw-p 00000000 00:00 0                          [stack]
7ffe29bba000-7ffe29bbc000 r--p 00000000 00:00 0                          [vvar]
7ffe29bbc000-7ffe29bbe000 r-xp 00000000 00:00 0                          [vdso]
ffffffffff600000-ffffffffff601000 r-xp 00000000 00:00 0                  [vsyscall]

VM Arguments:
jvm_args: -ea -Dfile.encoding=UTF-8 
java_command: org.eclipse.jdt.internal.junit.runner.RemoteTestRunner -version 3 -port 34534 -testLoaderClass org.eclipse.jdt.internal.junit4.runner.JUnit4TestLoader -loaderpluginname org.eclipse.jdt.junit4.runtime -testNameFile /tmp/testNames7512973502618948311.txt
java_class_path (initial): /home/yogi/.p2/pool/plugins/org.eclipse.ui_3.108.0.v20160518-1929.jar:/home/yogi/.p2/pool/plugins/org.eclipse.swt_3.105.0.v20160603-0902.jar:/home/yogi/.p2/pool/plugins/org.eclipse.swt.gtk.linux.x86_64_3.105.0.v20160603-0902.jar:/home/yogi/.p2/pool/plugins/org.eclipse.jface_3.12.0.v20160518-1929.jar:/home/yogi/.p2/pool/plugins/org.eclipse.core.commands_3.8.0.v20160316-1921.jar:/home/yogi/.p2/pool/plugins/org.eclipse.ui.workbench_3.108.0.v20160602-1232.jar:/home/yogi/.p2/pool/plugins/org.eclipse.e4.ui.workbench3_0.13.100.v20160506-0759.jar:/home/yogi/.p2/pool/plugins/org.eclipse.core.runtime_3.12.0.v20160606-1342.jar:/home/yogi/.p2/pool/plugins/javax.inject_1.0.0.v20091030.jar:/home/yogi/.p2/pool/plugins/org.eclipse.osgi_3.11.0.v20160603-1336.jar:/home/yogi/.p2/pool/plugins/org.eclipse.osgi.compatibility.state_1.0.200.v20160504-1419.jar:/home/yogi/.p2/pool/plugins/org.eclipse.equinox.common_3.8.0.v20160509-1230.jar:/home/yogi/.p2/pool/plugins/org.eclipse.core.jobs_3.8.0.v20160509-0411.jar:/home/yogi/.p2/pool/plugins/org.eclipse.equinox.registry_3.6.100.v20160223-2218.jar:/home/yogi/.p2/pool/plugins/org.eclipse.equinox.preferences_3.6.0.v20160120-1756.jar:/home/yogi/.p2/pool/plugins/org.eclipse.core.contenttype_3.5.100.v20160418-1621.jar:/home/yogi/.p2/pool/plugins/org.eclipse.equinox.app_1.3.400.v20150715-1528.jar:/home/yogi/.p2/pool/plugins/org.eclipse.ltk.core.refactoring_3.7.0.v20160419-0705.jar:/home/yogi/.p2/pool/plugins/org.eclipse.ltk.ui.refactoring_3.8.0.v20160518-1817.jar:/home/yogi/.p2/pool/plugins/org.eclipse.jdt.core_3.12.0.v20160516-2131.jar:/home/yogi/.p2/pool/plugins/org.eclipse.jdt.compiler.apt_1.2.100.v20160418-1457.jar:/home/yogi/.p2/pool/plugins/org.eclipse.jdt.compiler.tool_1.1.100.v20160418-1457.jar:/home/yogi/.p2/pool/plugins/org.eclipse.jdt.ui_3.12.0.v20160525-1829.jar:/home/yogi/.p2/pool/plugins/org.eclipse.jface.text_3.11.0.v20160505-1301.jar:/home/yogi/.p2/pool/plugins/org.eclipse.text_3.6.0.v20160503-1849.jar:/h
Launcher Type: SUN_STANDARD

Environment Variables:
CLASSPATH=:/home/yogi/Workspace/HashMap/src:/home/yogi/Workspace/CLI/src:/home/yogi/Workspace/Pareto/src:/home/yogi/Workspace/Services/src:/home/yogi/Workspace/Services/test:/home/yogi/Workspace/Services/libs/junit-4.8.2.jar:/home/yogi/Workspace/Services/libs/hamcrest-all-1.2.jar:/home/yogi/Workspace/Services/libs/SSJ/ssj.jar
PATH=:/usr/local/texlive/2014/bin/x86_64-linux:/home/yogi/bin:/usr/local/sbin:/usr/local/bin:/usr/sbin:/usr/bin:/sbin:/bin:/usr/games:/usr/local/games:/opt/texbin:/snap/bin
SHELL=/bin/bash
DISPLAY=:0

Signal Handlers:
SIGSEGV: [libjvm.so+0xa5e970], sa_mask[0]=11111111011111111101111111111110, sa_flags=SA_RESTART|SA_SIGINFO
SIGBUS: [libjvm.so+0xa5e970], sa_mask[0]=11111111011111111101111111111110, sa_flags=SA_RESTART|SA_SIGINFO
SIGFPE: [libjvm.so+0x8a9ff0], sa_mask[0]=11111111011111111101111111111110, sa_flags=SA_RESTART|SA_SIGINFO
SIGPIPE: [libjvm.so+0x8a9ff0], sa_mask[0]=11111111011111111101111111111110, sa_flags=SA_RESTART|SA_SIGINFO
SIGXFSZ: [libjvm.so+0x8a9ff0], sa_mask[0]=11111111011111111101111111111110, sa_flags=SA_RESTART|SA_SIGINFO
SIGILL: [libjvm.so+0x8a9ff0], sa_mask[0]=11111111011111111101111111111110, sa_flags=SA_RESTART|SA_SIGINFO
SIGUSR1: SIG_DFL, sa_mask[0]=00000000000000000000000000000000, sa_flags=none
SIGUSR2: [libjvm.so+0x8a9ea0], sa_mask[0]=00100000000000000000000000000000, sa_flags=SA_RESTART|SA_SIGINFO
SIGHUP: [libjvm.so+0x8aa370], sa_mask[0]=11111111011111111101111111111110, sa_flags=SA_RESTART|SA_SIGINFO
SIGINT: SIG_IGN, sa_mask[0]=00000000000000000000000000000000, sa_flags=none
SIGTERM: [libjvm.so+0x8aa370], sa_mask[0]=11111111011111111101111111111110, sa_flags=SA_RESTART|SA_SIGINFO
SIGQUIT: [libjvm.so+0x8aa370], sa_mask[0]=11111111011111111101111111111110, sa_flags=SA_RESTART|SA_SIGINFO


---------------  S Y S T E M  ---------------

OS:DISTRIB_ID=Ubuntu
DISTRIB_RELEASE=16.04
DISTRIB_CODENAME=xenial
DISTRIB_DESCRIPTION="Ubuntu 16.04.1 LTS"

uname:Linux 4.4.0-34-generic #53-Ubuntu SMP Wed Jul 27 16:06:39 UTC 2016 x86_64
libc:glibc 2.23 NPTL 2.23 
rlimit: STACK 8192k, CORE 0k, NPROC 30583, NOFILE 65536, AS infinity
load average:3.43 2.30 1.33

/proc/meminfo:
MemTotal:        7868136 kB
MemFree:          104628 kB
MemAvailable:      13524 kB
Buffers:             524 kB
Cached:           822804 kB
SwapCached:            0 kB
Active:          6742792 kB
Inactive:         737736 kB
Active(anon):    6732236 kB
Inactive(anon):   729040 kB
Active(file):      10556 kB
Inactive(file):     8696 kB
Unevictable:          68 kB
Mlocked:              68 kB
SwapTotal:             0 kB
SwapFree:              0 kB
Dirty:                 0 kB
Writeback:             0 kB
AnonPages:       6657840 kB
Mapped:           339872 kB
Shmem:            803296 kB
Slab:             150040 kB
SReclaimable:      74408 kB
SUnreclaim:        75632 kB
KernelStack:       15408 kB
PageTables:        62824 kB
NFS_Unstable:          0 kB
Bounce:                0 kB
WritebackTmp:          0 kB
CommitLimit:     3934068 kB
Committed_AS:   13703784 kB
VmallocTotal:   34359738367 kB
VmallocUsed:           0 kB
VmallocChunk:          0 kB
HardwareCorrupted:     0 kB
AnonHugePages:   3196928 kB
CmaTotal:              0 kB
CmaFree:               0 kB
HugePages_Total:       0
HugePages_Free:        0
HugePages_Rsvd:        0
HugePages_Surp:        0
Hugepagesize:       2048 kB
DirectMap4k:      273016 kB
DirectMap2M:     7804928 kB
DirectMap1G:     1048576 kB


CPU:total 4 (2 cores per cpu, 2 threads per core) family 6 model 61 stepping 4, cmov, cx8, fxsr, mmx, sse, sse2, sse3, ssse3, sse4.1, sse4.2, popcnt, avx, avx2, aes, clmul, erms, rtm, 3dnowpref, lzcnt, ht, tsc, tscinvbit, bmi1, bmi2, adx

/proc/cpuinfo:
processor	: 0
vendor_id	: GenuineIntel
cpu family	: 6
model		: 61
model name	: Intel(R) Core(TM) i7-5600U CPU @ 2.60GHz
stepping	: 4
microcode	: 0x22
cpu MHz		: 2499.960
cache size	: 4096 KB
physical id	: 0
siblings	: 4
core id		: 0
cpu cores	: 2
apicid		: 0
initial apicid	: 0
fpu		: yes
fpu_exception	: yes
cpuid level	: 20
wp		: yes
flags		: fpu vme de pse tsc msr pae mce cx8 apic sep mtrr pge mca cmov pat pse36 clflush dts acpi mmx fxsr sse sse2 ss ht tm pbe syscall nx pdpe1gb rdtscp lm constant_tsc arch_perfmon pebs bts rep_good nopl xtopology nonstop_tsc aperfmperf eagerfpu pni pclmulqdq dtes64 monitor ds_cpl vmx smx est tm2 ssse3 sdbg fma cx16 xtpr pdcm pcid sse4_1 sse4_2 x2apic movbe popcnt tsc_deadline_timer aes xsave avx f16c rdrand lahf_lm abm 3dnowprefetch epb intel_pt tpr_shadow vnmi flexpriority ept vpid fsgsbase tsc_adjust bmi1 hle avx2 smep bmi2 erms invpcid rtm rdseed adx smap xsaveopt dtherm ida arat pln pts
bugs		:
bogomips	: 5188.23
clflush size	: 64
cache_alignment	: 64
address sizes	: 39 bits physical, 48 bits virtual
power management:

processor	: 1
vendor_id	: GenuineIntel
cpu family	: 6
model		: 61
model name	: Intel(R) Core(TM) i7-5600U CPU @ 2.60GHz
stepping	: 4
microcode	: 0x22
cpu MHz		: 2576.335
cache size	: 4096 KB
physical id	: 0
siblings	: 4
core id		: 0
cpu cores	: 2
apicid		: 1
initial apicid	: 1
fpu		: yes
fpu_exception	: yes
cpuid level	: 20
wp		: yes
flags		: fpu vme de pse tsc msr pae mce cx8 apic sep mtrr pge mca cmov pat pse36 clflush dts acpi mmx fxsr sse sse2 ss ht tm pbe syscall nx pdpe1gb rdtscp lm constant_tsc arch_perfmon pebs bts rep_good nopl xtopology nonstop_tsc aperfmperf eagerfpu pni pclmulqdq dtes64 monitor ds_cpl vmx smx est tm2 ssse3 sdbg fma cx16 xtpr pdcm pcid sse4_1 sse4_2 x2apic movbe popcnt tsc_deadline_timer aes xsave avx f16c rdrand lahf_lm abm 3dnowprefetch epb intel_pt tpr_shadow vnmi flexpriority ept vpid fsgsbase tsc_adjust bmi1 hle avx2 smep bmi2 erms invpcid rtm rdseed adx smap xsaveopt dtherm ida arat pln pts
bugs		:
bogomips	: 5188.23
clflush size	: 64
cache_alignment	: 64
address sizes	: 39 bits physical, 48 bits virtual
power management:

processor	: 2
vendor_id	: GenuineIntel
cpu family	: 6
model		: 61
model name	: Intel(R) Core(TM) i7-5600U CPU @ 2.60GHz
stepping	: 4
microcode	: 0x22
cpu MHz		: 2574.609
cache size	: 4096 KB
physical id	: 0
siblings	: 4
core id		: 1
cpu cores	: 2
apicid		: 2
initial apicid	: 2
fpu		: yes
fpu_exception	: yes
cpuid level	: 20
wp		: yes
flags		: fpu vme de pse tsc msr pae mce cx8 apic sep mtrr pge mca cmov pat pse36 clflush dts acpi mmx fxsr sse sse2 ss ht tm pbe syscall nx pdpe1gb rdtscp lm constant_tsc arch_perfmon pebs bts rep_good nopl xtopology nonstop_tsc aperfmperf eagerfpu pni pclmulqdq dtes64 monitor ds_cpl vmx smx est tm2 ssse3 sdbg fma cx16 xtpr pdcm pcid sse4_1 sse4_2 x2apic movbe popcnt tsc_deadline_timer aes xsave avx f16c rdrand lahf_lm abm 3dnowprefetch epb intel_pt tpr_shadow vnmi flexpriority ept vpid fsgsbase tsc_adjust bmi1 hle avx2 smep bmi2 erms invpcid rtm rdseed adx smap xsaveopt dtherm ida arat pln pts
bugs		:
bogomips	: 5188.23
clflush size	: 64
cache_alignment	: 64
address sizes	: 39 bits physical, 48 bits virtual
power management:

processor	: 3
vendor_id	: GenuineIntel
cpu family	: 6
model		: 61
model name	: Intel(R) Core(TM) i7-5600U CPU @ 2.60GHz
stepping	: 4
microcode	: 0x22
cpu MHz		: 2572.882
cache size	: 4096 KB
physical id	: 0
siblings	: 4
core id		: 1
cpu cores	: 2
apicid		: 3
initial apicid	: 3
fpu		: yes
fpu_exception	: yes
cpuid level	: 20
wp		: yes
flags		: fpu vme de pse tsc msr pae mce cx8 apic sep mtrr pge mca cmov pat pse36 clflush dts acpi mmx fxsr sse sse2 ss ht tm pbe syscall nx pdpe1gb rdtscp lm constant_tsc arch_perfmon pebs bts rep_good nopl xtopology nonstop_tsc aperfmperf eagerfpu pni pclmulqdq dtes64 monitor ds_cpl vmx smx est tm2 ssse3 sdbg fma cx16 xtpr pdcm pcid sse4_1 sse4_2 x2apic movbe popcnt tsc_deadline_timer aes xsave avx f16c rdrand lahf_lm abm 3dnowprefetch epb intel_pt tpr_shadow vnmi flexpriority ept vpid fsgsbase tsc_adjust bmi1 hle avx2 smep bmi2 erms invpcid rtm rdseed adx smap xsaveopt dtherm ida arat pln pts
bugs		:
bogomips	: 5188.23
clflush size	: 64
cache_alignment	: 64
address sizes	: 39 bits physical, 48 bits virtual
power management:



Memory: 4k page, physical 7868136k(104708k free), swap 0k(0k free)

vm_info: OpenJDK 64-Bit Server VM (25.91-b14) for linux-amd64 JRE (1.8.0_91-8u91-b14-3ubuntu1~16.04.1-b14), built on Jul 21 2016 04:13:34 by "buildd" with gcc 5.3.1 20160413

time: Sat Aug 20 17:00:34 2016
elapsed time: 8 seconds (0d 0h 0m 8s)

