#
# There is insufficient memory for the Java Runtime Environment to continue.
# Native memory allocation (mmap) failed to map 63963136 bytes for committing reserved memory.
# Possible reasons:
#   The system is out of physical RAM or swap space
#   In 32 bit mode, the process size limit was hit
# Possible solutions:
#   Reduce memory load on the system
#   Increase physical memory or swap space
#   Check if swap backing store is full
#   Use 64 bit Java on a 64 bit OS
#   Decrease Java heap size (-Xmx/-Xms)
#   Decrease number of Java threads
#   Decrease Java thread stack sizes (-Xss)
#   Set larger code cache with -XX:ReservedCodeCacheSize=
# This output file may be truncated or incomplete.
#
#  Out of Memory Error (os_linux.cpp:2630), pid=28517, tid=140309995009792
#
# JRE version: OpenJDK Runtime Environment (8.0_91-b14) (build 1.8.0_91-8u91-b14-3ubuntu1~16.04.1-b14)
# Java VM: OpenJDK 64-Bit Server VM (25.91-b14 mixed mode linux-amd64 compressed oops)
# Failed to write core dump. Core dumps have been disabled. To enable core dumping, try "ulimit -c unlimited" before starting Java again
#

---------------  T H R E A D  ---------------

Current thread (0x00007f9c98079000):  VMThread [stack: 0x00007f9c77593000,0x00007f9c77694000] [id=28529]

Stack: [0x00007f9c77593000,0x00007f9c77694000],  sp=0x00007f9c776924c0,  free space=1021k
Native frames: (J=compiled Java code, j=interpreted, Vv=VM code, C=native code)
V  [libjvm.so+0xa5de1b]
V  [libjvm.so+0x4c178c]
V  [libjvm.so+0x8ae9d0]
V  [libjvm.so+0x8a8e4e]
V  [libjvm.so+0x922f46]
V  [libjvm.so+0x924273]
V  [libjvm.so+0x920923]
V  [libjvm.so+0x920bec]
V  [libjvm.so+0x8d3263]
V  [libjvm.so+0xa5fad2]
V  [libjvm.so+0xa64b57]
V  [libjvm.so+0xa62327]
V  [libjvm.so+0xa637af]
V  [libjvm.so+0xa63ca1]
V  [libjvm.so+0x8abeb2]

VM_Operation (0x00007f9ca05217f0): ParallelGCFailedAllocation, mode: safepoint, requested by thread 0x00007f9c9800b800


---------------  P R O C E S S  ---------------

Java Threads: ( => current thread )
  0x00007f9c982f5800 JavaThread "ReaderThread" [_thread_in_native, id=28538, stack(0x00007f9c7627b000,0x00007f9c7637c000)]
  0x00007f9c980c4000 JavaThread "Service Thread" daemon [_thread_blocked, id=28536, stack(0x00007f9c76bb3000,0x00007f9c76cb4000)]
  0x00007f9c980b4000 JavaThread "C1 CompilerThread2" daemon [_thread_blocked, id=28535, stack(0x00007f9c76cb4000,0x00007f9c76db5000)]
  0x00007f9c980b2800 JavaThread "C2 CompilerThread1" daemon [_thread_blocked, id=28534, stack(0x00007f9c76db5000,0x00007f9c76eb6000)]
  0x00007f9c980af800 JavaThread "C2 CompilerThread0" daemon [_thread_blocked, id=28533, stack(0x00007f9c76eb6000,0x00007f9c76fb7000)]
  0x00007f9c980ad800 JavaThread "Signal Dispatcher" daemon [_thread_blocked, id=28532, stack(0x00007f9c76fb7000,0x00007f9c770b8000)]
  0x00007f9c98085000 JavaThread "Finalizer" daemon [_thread_blocked, id=28531, stack(0x00007f9c77391000,0x00007f9c77492000)]
  0x00007f9c98080800 JavaThread "Reference Handler" daemon [_thread_blocked, id=28530, stack(0x00007f9c77492000,0x00007f9c77593000)]
  0x00007f9c9800b800 JavaThread "main" [_thread_blocked, id=28524, stack(0x00007f9ca0429000,0x00007f9ca052a000)]

Other Threads:
=>0x00007f9c98079000 VMThread [stack: 0x00007f9c77593000,0x00007f9c77694000] [id=28529]
  0x00007f9c980c6000 WatcherThread [stack: 0x00007f9c76ab2000,0x00007f9c76bb3000] [id=28537]

VM state:at safepoint (normal execution)

VM Mutex/Monitor currently owned by a thread:  ([mutex/lock_event])
[0x00007f9c98007b70] Threads_lock - owner thread: 0x00007f9c98079000
[0x00007f9c98008070] Heap_lock - owner thread: 0x00007f9c9800b800

Heap:
 PSYoungGen      total 67584K, used 5088K [0x00000000d7f80000, 0x00000000dc680000, 0x0000000100000000)
  eden space 62464K, 0% used [0x00000000d7f80000,0x00000000d7f80000,0x00000000dbc80000)
  from space 5120K, 99% used [0x00000000dbc80000,0x00000000dc178030,0x00000000dc180000)
  to   space 5120K, 0% used [0x00000000dc180000,0x00000000dc180000,0x00000000dc680000)
 ParOldGen       total 83456K, used 11879K [0x0000000087e00000, 0x000000008cf80000, 0x00000000d7f80000)
  object space 83456K, 14% used [0x0000000087e00000,0x0000000088999d90,0x000000008cf80000)
 Metaspace       used 10492K, capacity 10598K, committed 10880K, reserved 1058816K
  class space    used 1038K, capacity 1051K, committed 1152K, reserved 1048576K

Card table byte_map: [0x00007f9c9c73a000,0x00007f9c9cafc000] byte_map_base: 0x00007f9c9c2fb000

Marking Bits: (ParMarkBitMap*) 0x00007f9c9f702fc0
 Begin Bits: [0x00007f9c853f0000, 0x00007f9c871f8000)
 End Bits:   [0x00007f9c871f8000, 0x00007f9c89000000)

Polling page: 0x00007f9ca0554000

CodeCache: size=245760Kb used=5199Kb max_used=5210Kb free=240560Kb
 bounds [0x00007f9c89000000, 0x00007f9c89520000, 0x00007f9c98000000]
 total_blobs=1638 nmethods=1345 adapters=207
 compilation: enabled

Compilation events (10 events):
Event: 6.193 Thread 0x00007f9c980b4000 1356  s    3       java.util.Hashtable::remove (133 bytes)
Event: 6.197 Thread 0x00007f9c980b4000 nmethod 1356 0x00007f9c8950f110 code [0x00007f9c8950f2c0, 0x00007f9c8950faf8]
Event: 6.197 Thread 0x00007f9c980b4000 1357   !   3       java.security.cert.Certificate::equals (38 bytes)
Event: 6.198 Thread 0x00007f9c980b4000 nmethod 1357 0x00007f9c895159d0 code [0x00007f9c89515c00, 0x00007f9c89516908]
Event: 6.198 Thread 0x00007f9c980b4000 1358       3       sun.security.provider.SHA2$SHA256::<init> (12 bytes)
Event: 6.198 Thread 0x00007f9c980b4000 nmethod 1358 0x00007f9c89514ed0 code [0x00007f9c89515080, 0x00007f9c89515708]
Event: 6.198 Thread 0x00007f9c980b4000 1359       3       sun.security.provider.SHA2::implDigest (98 bytes)
Event: 6.199 Thread 0x00007f9c980b4000 nmethod 1359 0x00007f9c89514710 code [0x00007f9c895148c0, 0x00007f9c89514d88]
Event: 6.279 Thread 0x00007f9c980b2800 1360       4       java.lang.Class::privateGetDeclaredConstructors (85 bytes)
Event: 6.313 Thread 0x00007f9c980b2800 nmethod 1360 0x00007f9c89519e50 code [0x00007f9c89519fe0, 0x00007f9c8951a2d8]

GC Heap History (5 events):
Event: 2.220 GC heap before
{Heap before GC invocations=1 (full 0):
 PSYoungGen      total 36352K, used 31232K [0x00000000d7f80000, 0x00000000da800000, 0x0000000100000000)
  eden space 31232K, 100% used [0x00000000d7f80000,0x00000000d9e00000,0x00000000d9e00000)
  from space 5120K, 0% used [0x00000000da300000,0x00000000da300000,0x00000000da800000)
  to   space 5120K, 0% used [0x00000000d9e00000,0x00000000d9e00000,0x00000000da300000)
 ParOldGen       total 83456K, used 0K [0x0000000087e00000, 0x000000008cf80000, 0x00000000d7f80000)
  object space 83456K, 0% used [0x0000000087e00000,0x0000000087e00000,0x000000008cf80000)
 Metaspace       used 6876K, capacity 7004K, committed 7168K, reserved 1056768K
  class space    used 719K, capacity 756K, committed 768K, reserved 1048576K
Event: 2.262 GC heap after
Heap after GC invocations=1 (full 0):
 PSYoungGen      total 36352K, used 4509K [0x00000000d7f80000, 0x00000000dc680000, 0x0000000100000000)
  eden space 31232K, 0% used [0x00000000d7f80000,0x00000000d7f80000,0x00000000d9e00000)
  from space 5120K, 88% used [0x00000000d9e00000,0x00000000da2674e8,0x00000000da300000)
  to   space 5120K, 0% used [0x00000000dc180000,0x00000000dc180000,0x00000000dc680000)
 ParOldGen       total 83456K, used 8K [0x0000000087e00000, 0x000000008cf80000, 0x00000000d7f80000)
  object space 83456K, 0% used [0x0000000087e00000,0x0000000087e02000,0x000000008cf80000)
 Metaspace       used 6876K, capacity 7004K, committed 7168K, reserved 1056768K
  class space    used 719K, capacity 756K, committed 768K, reserved 1048576K
}
Event: 3.351 GC heap before
{Heap before GC invocations=2 (full 0):
 PSYoungGen      total 36352K, used 35741K [0x00000000d7f80000, 0x00000000dc680000, 0x0000000100000000)
  eden space 31232K, 100% used [0x00000000d7f80000,0x00000000d9e00000,0x00000000d9e00000)
  from space 5120K, 88% used [0x00000000d9e00000,0x00000000da2674e8,0x00000000da300000)
  to   space 5120K, 0% used [0x00000000dc180000,0x00000000dc180000,0x00000000dc680000)
 ParOldGen       total 83456K, used 8K [0x0000000087e00000, 0x000000008cf80000, 0x00000000d7f80000)
  object space 83456K, 0% used [0x0000000087e00000,0x0000000087e02000,0x000000008cf80000)
 Metaspace       used 7403K, capacity 7514K, committed 7808K, reserved 1056768K
  class space    used 755K, capacity 793K, committed 896K, reserved 1048576K
Event: 3.409 GC heap after
Heap after GC invocations=2 (full 0):
 PSYoungGen      total 67584K, used 5088K [0x00000000d7f80000, 0x00000000dc680000, 0x0000000100000000)
  eden space 62464K, 0% used [0x00000000d7f80000,0x00000000d7f80000,0x00000000dbc80000)
  from space 5120K, 99% used [0x00000000dc180000,0x00000000dc678020,0x00000000dc680000)
  to   space 5120K, 0% used [0x00000000dbc80000,0x00000000dbc80000,0x00000000dc180000)
 ParOldGen       total 83456K, used 2986K [0x0000000087e00000, 0x000000008cf80000, 0x00000000d7f80000)
  object space 83456K, 3% used [0x0000000087e00000,0x00000000880eaba8,0x000000008cf80000)
 Metaspace       used 7403K, capacity 7514K, committed 7808K, reserved 1056768K
  class space    used 755K, capacity 793K, committed 896K, reserved 1048576K
}
Event: 6.384 GC heap before
{Heap before GC invocations=3 (full 0):
 PSYoungGen      total 67584K, used 67552K [0x00000000d7f80000, 0x00000000dc680000, 0x0000000100000000)
  eden space 62464K, 100% used [0x00000000d7f80000,0x00000000dbc80000,0x00000000dbc80000)
  from space 5120K, 99% used [0x00000000dc180000,0x00000000dc678020,0x00000000dc680000)
  to   space 5120K, 0% used [0x00000000dbc80000,0x00000000dbc80000,0x00000000dc180000)
 ParOldGen       total 83456K, used 2986K [0x0000000087e00000, 0x000000008cf80000, 0x00000000d7f80000)
  object space 83456K, 3% used [0x0000000087e00000,0x00000000880eaba8,0x000000008cf80000)
 Metaspace       used 10492K, capacity 10598K, committed 10880K, reserved 1058816K
  class space    used 1038K, capacity 1051K, committed 1152K, reserved 1048576K

Deoptimization events (10 events):
Event: 3.981 Thread 0x00007f9c9800b800 Uncommon trap: reason=class_check action=maybe_recompile pc=0x00007f9c893b6d10 method=java.util.Arrays.copyOf([Ljava/lang/Object;ILjava/lang/Class;)[Ljava/lang/Object; @ 24
Event: 5.424 Thread 0x00007f9c9800b800 Uncommon trap: reason=predicate action=maybe_recompile pc=0x00007f9c894e908c method=sun.net.www.ParseUtil.encodePath(Ljava/lang/String;Z)Ljava/lang/String; @ 36
Event: 5.448 Thread 0x00007f9c9800b800 Uncommon trap: reason=unstable_if action=reinterpret pc=0x00007f9c8948c304 method=sun.net.www.ParseUtil.encodePath(Ljava/lang/String;Z)Ljava/lang/String; @ 44
Event: 5.460 Thread 0x00007f9c9800b800 Uncommon trap: reason=unstable_if action=reinterpret pc=0x00007f9c8918a3e8 method=sun.misc.URLClassPath.getLoader(I)Lsun/misc/URLClassPath$Loader; @ 36
Event: 5.460 Thread 0x00007f9c9800b800 Uncommon trap: reason=unstable_if action=reinterpret pc=0x00007f9c891d5860 method=sun.misc.URLClassPath$JarLoader.getResource(Ljava/lang/String;Z)Lsun/misc/Resource; @ 4
Event: 5.460 Thread 0x00007f9c9800b800 Uncommon trap: reason=unstable_if action=reinterpret pc=0x00007f9c8922479c method=java.lang.String.startsWith(Ljava/lang/String;I)Z @ 37
Event: 5.460 Thread 0x00007f9c9800b800 Uncommon trap: reason=unstable_if action=reinterpret pc=0x00007f9c8917a9c8 method=java.lang.String.startsWith(Ljava/lang/String;I)Z @ 37
Event: 5.463 Thread 0x00007f9c9800b800 Uncommon trap: reason=unstable_if action=reinterpret pc=0x00007f9c8918977c method=sun.misc.URLClassPath.getLoader(I)Lsun/misc/URLClassPath$Loader; @ 36
Event: 5.481 Thread 0x00007f9c9800b800 Uncommon trap: reason=unstable_if action=reinterpret pc=0x00007f9c891d0274 method=sun.misc.URLClassPath$JarLoader.ensureOpen()V @ 4
Event: 5.550 Thread 0x00007f9c9800b800 Uncommon trap: reason=unstable_if action=reinterpret pc=0x00007f9c891d778c method=java.util.zip.ZipCoder.encoder()Ljava/nio/charset/CharsetEncoder; @ 4

Internal exceptions (9 events):
Event: 0.121 Thread 0x00007f9c9800b800 Exception <a 'java/lang/NoSuchMethodError': Method sun.misc.Unsafe.defineClass(Ljava/lang/String;[BII)Ljava/lang/Class; name or signature does not match> (0x00000000d7f87cc0) thrown at [/build/openjdk-8-W1Ghxo/openjdk-8-8u91-b14/src/hotspot/src/share/vm/p
Event: 0.121 Thread 0x00007f9c9800b800 Exception <a 'java/lang/NoSuchMethodError': Method sun.misc.Unsafe.prefetchRead(Ljava/lang/Object;J)V name or signature does not match> (0x00000000d7f87fa8) thrown at [/build/openjdk-8-W1Ghxo/openjdk-8-8u91-b14/src/hotspot/src/share/vm/prims/jni.cpp, line
Event: 5.488 Thread 0x00007f9c9800b800 Exception <a 'java/security/PrivilegedActionException'> (0x00000000db7732c8) thrown at [/build/openjdk-8-W1Ghxo/openjdk-8-8u91-b14/src/hotspot/src/share/vm/prims/jvm.cpp, line 1386]
Event: 5.488 Thread 0x00007f9c9800b800 Exception <a 'java/security/PrivilegedActionException'> (0x00000000db7738a8) thrown at [/build/openjdk-8-W1Ghxo/openjdk-8-8u91-b14/src/hotspot/src/share/vm/prims/jvm.cpp, line 1386]
Event: 5.488 Thread 0x00007f9c9800b800 Exception <a 'java/security/PrivilegedActionException'> (0x00000000db775ec8) thrown at [/build/openjdk-8-W1Ghxo/openjdk-8-8u91-b14/src/hotspot/src/share/vm/prims/jvm.cpp, line 1386]
Event: 5.488 Thread 0x00007f9c9800b800 Exception <a 'java/security/PrivilegedActionException'> (0x00000000db7764a8) thrown at [/build/openjdk-8-W1Ghxo/openjdk-8-8u91-b14/src/hotspot/src/share/vm/prims/jvm.cpp, line 1386]
Event: 5.489 Thread 0x00007f9c9800b800 Exception <a 'java/security/PrivilegedActionException'> (0x00000000db777530) thrown at [/build/openjdk-8-W1Ghxo/openjdk-8-8u91-b14/src/hotspot/src/share/vm/prims/jvm.cpp, line 1386]
Event: 5.489 Thread 0x00007f9c9800b800 Exception <a 'java/security/PrivilegedActionException'> (0x00000000db777b10) thrown at [/build/openjdk-8-W1Ghxo/openjdk-8-8u91-b14/src/hotspot/src/share/vm/prims/jvm.cpp, line 1386]
Event: 5.549 Thread 0x00007f9c9800b800 Implicit null exception at 0x00007f9c891d6f2c to 0x00007f9c891d775d

Events (10 events):
Event: 6.266 loading class org/eclipse/jdt/core/dom/NullLiteral done
Event: 6.298 loading class org/eclipse/jdt/internal/compiler/ast/Annotation
Event: 6.298 loading class org/eclipse/jdt/internal/compiler/ast/Annotation done
Event: 6.325 loading class org/eclipse/jdt/internal/compiler/ast/NormalAnnotation
Event: 6.325 loading class org/eclipse/jdt/internal/compiler/ast/NormalAnnotation done
Event: 6.329 loading class org/eclipse/jdt/internal/compiler/ast/StringLiteralConcatenation
Event: 6.329 loading class org/eclipse/jdt/internal/compiler/ast/StringLiteralConcatenation done
Event: 6.348 loading class org/eclipse/jdt/internal/compiler/ast/StringLiteral
Event: 6.348 loading class org/eclipse/jdt/internal/compiler/ast/StringLiteral done
Event: 6.357 Executing VM operation: ParallelGCFailedAllocation


Dynamic libraries:
00400000-00401000 r-xp 00000000 08:01 597                                /usr/lib/jvm/java-8-openjdk-amd64/jre/bin/java
00600000-00601000 r--p 00000000 08:01 597                                /usr/lib/jvm/java-8-openjdk-amd64/jre/bin/java
00601000-00602000 rw-p 00001000 08:01 597                                /usr/lib/jvm/java-8-openjdk-amd64/jre/bin/java
00e50000-00e71000 rw-p 00000000 00:00 0                                  [heap]
87e00000-8cf80000 rw-p 00000000 00:00 0 
8cf80000-d7f80000 ---p 00000000 00:00 0 
d7f80000-dc680000 rw-p 00000000 00:00 0 
e0380000-100000000 ---p 00000000 00:00 0 
100000000-100120000 rw-p 00000000 00:00 0 
100120000-140000000 ---p 00000000 00:00 0 
7f9c44000000-7f9c44021000 rw-p 00000000 00:00 0 
7f9c44021000-7f9c48000000 ---p 00000000 00:00 0 
7f9c4c000000-7f9c4c021000 rw-p 00000000 00:00 0 
7f9c4c021000-7f9c50000000 ---p 00000000 00:00 0 
7f9c50000000-7f9c50021000 rw-p 00000000 00:00 0 
7f9c50021000-7f9c54000000 ---p 00000000 00:00 0 
7f9c54000000-7f9c54b7e000 rw-p 00000000 00:00 0 
7f9c54b7e000-7f9c58000000 ---p 00000000 00:00 0 
7f9c58000000-7f9c58987000 rw-p 00000000 00:00 0 
7f9c58987000-7f9c5c000000 ---p 00000000 00:00 0 
7f9c5c000000-7f9c5c021000 rw-p 00000000 00:00 0 
7f9c5c021000-7f9c60000000 ---p 00000000 00:00 0 
7f9c60000000-7f9c60e89000 rw-p 00000000 00:00 0 
7f9c60e89000-7f9c64000000 ---p 00000000 00:00 0 
7f9c64000000-7f9c64021000 rw-p 00000000 00:00 0 
7f9c64021000-7f9c68000000 ---p 00000000 00:00 0 
7f9c68000000-7f9c68021000 rw-p 00000000 00:00 0 
7f9c68021000-7f9c6c000000 ---p 00000000 00:00 0 
7f9c6c000000-7f9c6c021000 rw-p 00000000 00:00 0 
7f9c6c021000-7f9c70000000 ---p 00000000 00:00 0 
7f9c70000000-7f9c70021000 rw-p 00000000 00:00 0 
7f9c70021000-7f9c74000000 ---p 00000000 00:00 0 
7f9c76074000-7f9c761f4000 rw-p 00000000 00:00 0 
7f9c761f4000-7f9c76274000 ---p 00000000 00:00 0 
7f9c76274000-7f9c76277000 r--s 00015000 08:01 30542212                   /usr/lib/jvm/java-8-openjdk-amd64/jre/lib/jce.jar
7f9c76277000-7f9c7627b000 r--s 00097000 08:01 30543409                   /usr/lib/jvm/java-8-openjdk-amd64/jre/lib/jsse.jar
7f9c7627b000-7f9c7627e000 ---p 00000000 00:00 0 
7f9c7627e000-7f9c7667d000 rw-p 00000000 00:00 0 
7f9c7667d000-7f9c76694000 r-xp 00000000 08:01 6444                       /usr/lib/jvm/java-8-openjdk-amd64/jre/lib/amd64/libnet.so
7f9c76694000-7f9c76893000 ---p 00017000 08:01 6444                       /usr/lib/jvm/java-8-openjdk-amd64/jre/lib/amd64/libnet.so
7f9c76893000-7f9c76894000 r--p 00016000 08:01 6444                       /usr/lib/jvm/java-8-openjdk-amd64/jre/lib/amd64/libnet.so
7f9c76894000-7f9c76895000 rw-p 00017000 08:01 6444                       /usr/lib/jvm/java-8-openjdk-amd64/jre/lib/amd64/libnet.so
7f9c76895000-7f9c76897000 r--s 00009000 00:2c 1051729                    /home/yogi/.m2/repository/org/hamcrest/hamcrest-core/1.3/hamcrest-core-1.3.jar
7f9c76897000-7f9c7689f000 r--s 00045000 00:2c 1051726                    /home/yogi/.m2/repository/junit/junit/4.12/junit-4.12.jar
7f9c7689f000-7f9c768a3000 r--s 00022000 00:2c 11801597                   /home/yogi/git/spartan-refactoring/lib/spartan-1.1.jar
7f9c768a3000-7f9c768c1000 r--s 00110000 00:2c 11801690                   /home/yogi/git/spartan-refactoring/lib/mockito-all-2.0.2-beta.jar
7f9c768c1000-7f9c768c9000 r--s 00045000 00:2c 11801689                   /home/yogi/git/spartan-refactoring/lib/junit-4.12.jar
7f9c768c9000-7f9c768cf000 r--s 00045000 00:2c 11801695                   /home/yogi/git/spartan-refactoring/lib/hamcrest-all-1.3.jar
7f9c768cf000-7f9c768d2000 r--s 00018000 00:2c 19007306                   /home/yogi/.p2/pool/plugins/org.eclipse.ui.views_3.8.100.v20160518-1929.jar
7f9c768d2000-7f9c768d4000 r--s 0000c000 00:2c 19006372                   /home/yogi/.p2/pool/plugins/org.hamcrest.core_1.3.0.v201303031735.jar
7f9c768d4000-7f9c768dc000 r--s 00045000 00:2c 19007253                   /home/yogi/.p2/pool/plugins/org.junit_4.12.0.v201504281640/junit.jar
7f9c768dc000-7f9c768ff000 r--s 00223000 00:2c 19007026                   /home/yogi/.p2/pool/plugins/org.eclipse.ui.ide_3.12.0.v20160601-1609.jar
7f9c768ff000-7f9c7690a000 r--s 000cd000 00:2c 19007023                   /home/yogi/.p2/pool/plugins/org.eclipse.core.resources_3.11.0.v20160503-1608.jar
7f9c7690a000-7f9c7690f000 r--s 0003d000 00:2c 19007226                   /home/yogi/.p2/pool/plugins/org.eclipse.text_3.6.0.v20160503-1849.jar
7f9c7690f000-7f9c76923000 r--s 000f2000 00:2c 19007210                   /home/yogi/.p2/pool/plugins/org.eclipse.jface.text_3.11.0.v20160505-1301.jar
7f9c76923000-7f9c769c4000 r--s 00a6e000 00:2c 19006775                   /home/yogi/.p2/pool/plugins/org.eclipse.jdt.ui_3.12.0.v20160525-1829.jar
7f9c769c4000-7f9c769c7000 r--s 00027000 00:2c 19007380                   /home/yogi/.p2/pool/plugins/org.eclipse.jdt.compiler.apt_1.2.100.v20160418-1457.jar
7f9c769c7000-7f9c769f7000 r--s 0055d000 00:2c 19006780                   /home/yogi/.p2/pool/plugins/org.eclipse.jdt.core_3.12.0.v20160516-2131.jar
7f9c769f7000-7f9c76a01000 r--s 00071000 00:2c 19007051                   /home/yogi/.p2/pool/plugins/org.eclipse.ltk.ui.refactoring_3.8.0.v20160518-1817.jar
7f9c76a01000-7f9c76a09000 r--s 0004d000 00:2c 19007203                   /home/yogi/.p2/pool/plugins/org.eclipse.ltk.core.refactoring_3.7.0.v20160419-0705.jar
7f9c76a09000-7f9c76a0b000 r--s 00014000 00:2c 19007341                   /home/yogi/.p2/pool/plugins/org.eclipse.equinox.app_1.3.400.v20150715-1528.jar
7f9c76a0b000-7f9c76a0e000 r--s 0001e000 00:2c 19007405                   /home/yogi/.p2/pool/plugins/org.eclipse.equinox.preferences_3.6.0.v20160120-1756.jar
7f9c76a0e000-7f9c76a12000 r--s 0002a000 00:2c 19007260                   /home/yogi/.p2/pool/plugins/org.eclipse.equinox.registry_3.6.100.v20160223-2218.jar
7f9c76a12000-7f9c76a15000 r--s 00019000 00:2c 19006758                   /home/yogi/.p2/pool/plugins/org.eclipse.core.jobs_3.8.0.v20160509-0411.jar
7f9c76a15000-7f9c76a18000 r--s 0001b000 00:2c 19006774                   /home/yogi/.p2/pool/plugins/org.eclipse.equinox.common_3.8.0.v20160509-1230.jar
7f9c76a18000-7f9c76a2d000 r--s 0013d000 00:2c 19006908                   /home/yogi/.p2/pool/plugins/org.eclipse.osgi_3.11.0.v20160603-1336.jar
7f9c76a2d000-7f9c76a6f000 r--s 00398000 00:2c 19006942                   /home/yogi/.p2/pool/plugins/org.eclipse.ui.workbench_3.108.0.v20160602-1232.jar
7f9c76a6f000-7f9c76a81000 r--s 000f8000 00:2c 19007201                   /home/yogi/.p2/pool/plugins/org.eclipse.jface_3.12.0.v20160518-1929.jar
7f9c76a81000-7f9c76a96000 r--s 0028f000 00:2c 19006784                   /home/yogi/.p2/pool/plugins/org.eclipse.swt.gtk.linux.x86_64_3.105.0.v20160603-0902.jar
7f9c76a96000-7f9c76ab2000 r--s 00393000 08:01 6481                       /usr/lib/jvm/java-8-openjdk-amd64/jre/lib/ext/cldrdata.jar
7f9c76ab2000-7f9c76ab3000 ---p 00000000 00:00 0 
7f9c76ab3000-7f9c76bb3000 rw-p 00000000 00:00 0 
7f9c76bb3000-7f9c76bb6000 ---p 00000000 00:00 0 
7f9c76bb6000-7f9c76cb4000 rw-p 00000000 00:00 0 
7f9c76cb4000-7f9c76cb7000 ---p 00000000 00:00 0 
7f9c76cb7000-7f9c76db5000 rw-p 00000000 00:00 0 
7f9c76db5000-7f9c76db8000 ---p 00000000 00:00 0 
7f9c76db8000-7f9c76eb6000 rw-p 00000000 00:00 0 
7f9c76eb6000-7f9c76eb9000 ---p 00000000 00:00 0 
7f9c76eb9000-7f9c76fb7000 rw-p 00000000 00:00 0 
7f9c76fb7000-7f9c76fba000 ---p 00000000 00:00 0 
7f9c76fba000-7f9c770b8000 rw-p 00000000 00:00 0 
7f9c770b8000-7f9c77391000 r--p 00000000 08:01 29115341                   /usr/lib/locale/locale-archive
7f9c77391000-7f9c77394000 ---p 00000000 00:00 0 
7f9c77394000-7f9c77492000 rw-p 00000000 00:00 0 
7f9c77492000-7f9c77495000 ---p 00000000 00:00 0 
7f9c77495000-7f9c77593000 rw-p 00000000 00:00 0 
7f9c77593000-7f9c77594000 ---p 00000000 00:00 0 
7f9c77594000-7f9c78000000 rw-p 00000000 00:00 0 
7f9c78000000-7f9c78021000 rw-p 00000000 00:00 0 
7f9c78021000-7f9c7c000000 ---p 00000000 00:00 0 
7f9c7c000000-7f9c7c021000 rw-p 00000000 00:00 0 
7f9c7c021000-7f9c80000000 ---p 00000000 00:00 0 
7f9c80000000-7f9c80021000 rw-p 00000000 00:00 0 
7f9c80021000-7f9c84000000 ---p 00000000 00:00 0 
7f9c84000000-7f9c84002000 r--s 00017000 00:2c 19006728                   /home/yogi/.p2/pool/plugins/org.eclipse.core.contenttype_3.5.100.v20160418-1621.jar
7f9c84002000-7f9c84005000 r--s 00039000 00:2c 19007234                   /home/yogi/.p2/pool/plugins/org.eclipse.osgi.compatibility.state_1.0.200.v20160504-1419.jar
7f9c84005000-7f9c8400e000 r--s 00058000 00:2c 19007224                   /home/yogi/.p2/pool/plugins/org.eclipse.ui_3.108.0.v20160518-1929.jar
7f9c8400e000-7f9c84661000 rw-p 00000000 00:00 0 
7f9c84661000-7f9c8482f000 r--s 03beb000 08:01 30542468                   /usr/lib/jvm/java-8-openjdk-amd64/jre/lib/rt.jar
7f9c8482f000-7f9c89000000 rw-p 00000000 00:00 0 
7f9c89000000-7f9c89520000 rwxp 00000000 00:00 0 
7f9c89520000-7f9c98000000 ---p 00000000 00:00 0 
7f9c98000000-7f9c985a0000 rw-p 00000000 00:00 0 
7f9c985a0000-7f9c9c000000 ---p 00000000 00:00 0 
7f9c9c000000-7f9c9c001000 r--s 00010000 00:2c 19006626                   /home/yogi/.p2/pool/plugins/org.eclipse.jdt.compiler.tool_1.1.100.v20160418-1457.jar
7f9c9c001000-7f9c9c003000 r--s 00003000 00:2c 19005954                   /home/yogi/.p2/pool/plugins/javax.inject_1.0.0.v20091030.jar
7f9c9c003000-7f9c9c01e000 r--s 001d7000 08:01 6479                       /usr/lib/jvm/java-8-openjdk-amd64/jre/lib/ext/nashorn.jar
7f9c9c01e000-7f9c9c0b5000 rw-p 00000000 00:00 0 
7f9c9c0b5000-7f9c9c0b6000 ---p 00000000 00:00 0 
7f9c9c0b6000-7f9c9c1b6000 rw-p 00000000 00:00 0 
7f9c9c1b6000-7f9c9c1b7000 ---p 00000000 00:00 0 
7f9c9c1b7000-7f9c9c2b7000 rw-p 00000000 00:00 0 
7f9c9c2b7000-7f9c9c2b8000 ---p 00000000 00:00 0 
7f9c9c2b8000-7f9c9c3b8000 rw-p 00000000 00:00 0 
7f9c9c3b8000-7f9c9c3b9000 ---p 00000000 00:00 0 
7f9c9c3b9000-7f9c9c4e2000 rw-p 00000000 00:00 0 
7f9c9c4e2000-7f9c9c73a000 ---p 00000000 00:00 0 
7f9c9c73a000-7f9c9c763000 rw-p 00000000 00:00 0 
7f9c9c763000-7f9c9c9ba000 ---p 00000000 00:00 0 
7f9c9c9ba000-7f9c9c9df000 rw-p 00000000 00:00 0 
7f9c9c9df000-7f9c9cafb000 ---p 00000000 00:00 0 
7f9c9cafb000-7f9c9cb11000 rw-p 00000000 00:00 0 
7f9c9cb11000-7f9c9cebc000 ---p 00000000 00:00 0 
7f9c9cebc000-7f9c9cec4000 r-xp 00000000 08:01 6450                       /usr/lib/jvm/java-8-openjdk-amd64/jre/lib/amd64/libzip.so
7f9c9cec4000-7f9c9d0c3000 ---p 00008000 08:01 6450                       /usr/lib/jvm/java-8-openjdk-amd64/jre/lib/amd64/libzip.so
7f9c9d0c3000-7f9c9d0c4000 r--p 00007000 08:01 6450                       /usr/lib/jvm/java-8-openjdk-amd64/jre/lib/amd64/libzip.so
7f9c9d0c4000-7f9c9d0c5000 rw-p 00008000 08:01 6450                       /usr/lib/jvm/java-8-openjdk-amd64/jre/lib/amd64/libzip.so
7f9c9d0c5000-7f9c9d0d0000 r-xp 00000000 08:01 6684972                    /lib/x86_64-linux-gnu/libnss_files-2.23.so
7f9c9d0d0000-7f9c9d2cf000 ---p 0000b000 08:01 6684972                    /lib/x86_64-linux-gnu/libnss_files-2.23.so
7f9c9d2cf000-7f9c9d2d0000 r--p 0000a000 08:01 6684972                    /lib/x86_64-linux-gnu/libnss_files-2.23.so
7f9c9d2d0000-7f9c9d2d1000 rw-p 0000b000 08:01 6684972                    /lib/x86_64-linux-gnu/libnss_files-2.23.so
7f9c9d2d1000-7f9c9d2d7000 rw-p 00000000 00:00 0 
7f9c9d2d7000-7f9c9d2e2000 r-xp 00000000 08:01 6684945                    /lib/x86_64-linux-gnu/libnss_nis-2.23.so
7f9c9d2e2000-7f9c9d4e1000 ---p 0000b000 08:01 6684945                    /lib/x86_64-linux-gnu/libnss_nis-2.23.so
7f9c9d4e1000-7f9c9d4e2000 r--p 0000a000 08:01 6684945                    /lib/x86_64-linux-gnu/libnss_nis-2.23.so
7f9c9d4e2000-7f9c9d4e3000 rw-p 0000b000 08:01 6684945                    /lib/x86_64-linux-gnu/libnss_nis-2.23.so
7f9c9d4e3000-7f9c9d4f9000 r-xp 00000000 08:01 6684941                    /lib/x86_64-linux-gnu/libnsl-2.23.so
7f9c9d4f9000-7f9c9d6f8000 ---p 00016000 08:01 6684941                    /lib/x86_64-linux-gnu/libnsl-2.23.so
7f9c9d6f8000-7f9c9d6f9000 r--p 00015000 08:01 6684941                    /lib/x86_64-linux-gnu/libnsl-2.23.so
7f9c9d6f9000-7f9c9d6fa000 rw-p 00016000 08:01 6684941                    /lib/x86_64-linux-gnu/libnsl-2.23.so
7f9c9d6fa000-7f9c9d6fc000 rw-p 00000000 00:00 0 
7f9c9d6fc000-7f9c9d704000 r-xp 00000000 08:01 6684935                    /lib/x86_64-linux-gnu/libnss_compat-2.23.so
7f9c9d704000-7f9c9d903000 ---p 00008000 08:01 6684935                    /lib/x86_64-linux-gnu/libnss_compat-2.23.so
7f9c9d903000-7f9c9d904000 r--p 00007000 08:01 6684935                    /lib/x86_64-linux-gnu/libnss_compat-2.23.so
7f9c9d904000-7f9c9d905000 rw-p 00008000 08:01 6684935                    /lib/x86_64-linux-gnu/libnss_compat-2.23.so
7f9c9d905000-7f9c9d932000 r-xp 00000000 08:01 6436                       /usr/lib/jvm/java-8-openjdk-amd64/jre/lib/amd64/libjava.so
7f9c9d932000-7f9c9db31000 ---p 0002d000 08:01 6436                       /usr/lib/jvm/java-8-openjdk-amd64/jre/lib/amd64/libjava.so
7f9c9db31000-7f9c9db32000 r--p 0002c000 08:01 6436                       /usr/lib/jvm/java-8-openjdk-amd64/jre/lib/amd64/libjava.so
7f9c9db32000-7f9c9db34000 rw-p 0002d000 08:01 6436                       /usr/lib/jvm/java-8-openjdk-amd64/jre/lib/amd64/libjava.so
7f9c9db34000-7f9c9db43000 r-xp 00000000 08:01 6437                       /usr/lib/jvm/java-8-openjdk-amd64/jre/lib/amd64/libverify.so
7f9c9db43000-7f9c9dd42000 ---p 0000f000 08:01 6437                       /usr/lib/jvm/java-8-openjdk-amd64/jre/lib/amd64/libverify.so
7f9c9dd42000-7f9c9dd44000 r--p 0000e000 08:01 6437                       /usr/lib/jvm/java-8-openjdk-amd64/jre/lib/amd64/libverify.so
7f9c9dd44000-7f9c9dd45000 rw-p 00010000 08:01 6437                       /usr/lib/jvm/java-8-openjdk-amd64/jre/lib/amd64/libverify.so
7f9c9dd45000-7f9c9dd4c000 r-xp 00000000 08:01 6684981                    /lib/x86_64-linux-gnu/librt-2.23.so
7f9c9dd4c000-7f9c9df4b000 ---p 00007000 08:01 6684981                    /lib/x86_64-linux-gnu/librt-2.23.so
7f9c9df4b000-7f9c9df4c000 r--p 00006000 08:01 6684981                    /lib/x86_64-linux-gnu/librt-2.23.so
7f9c9df4c000-7f9c9df4d000 rw-p 00007000 08:01 6684981                    /lib/x86_64-linux-gnu/librt-2.23.so
7f9c9df4d000-7f9c9df63000 r-xp 00000000 08:01 6684804                    /lib/x86_64-linux-gnu/libgcc_s.so.1
7f9c9df63000-7f9c9e162000 ---p 00016000 08:01 6684804                    /lib/x86_64-linux-gnu/libgcc_s.so.1
7f9c9e162000-7f9c9e163000 rw-p 00015000 08:01 6684804                    /lib/x86_64-linux-gnu/libgcc_s.so.1
7f9c9e163000-7f9c9e26b000 r-xp 00000000 08:01 6684978                    /lib/x86_64-linux-gnu/libm-2.23.so
7f9c9e26b000-7f9c9e46a000 ---p 00108000 08:01 6684978                    /lib/x86_64-linux-gnu/libm-2.23.so
7f9c9e46a000-7f9c9e46b000 r--p 00107000 08:01 6684978                    /lib/x86_64-linux-gnu/libm-2.23.so
7f9c9e46b000-7f9c9e46c000 rw-p 00108000 08:01 6684978                    /lib/x86_64-linux-gnu/libm-2.23.so
7f9c9e46c000-7f9c9e5de000 r-xp 00000000 08:01 29098690                   /usr/lib/x86_64-linux-gnu/libstdc++.so.6.0.21
7f9c9e5de000-7f9c9e7de000 ---p 00172000 08:01 29098690                   /usr/lib/x86_64-linux-gnu/libstdc++.so.6.0.21
7f9c9e7de000-7f9c9e7e8000 r--p 00172000 08:01 29098690                   /usr/lib/x86_64-linux-gnu/libstdc++.so.6.0.21
7f9c9e7e8000-7f9c9e7ea000 rw-p 0017c000 08:01 29098690                   /usr/lib/x86_64-linux-gnu/libstdc++.so.6.0.21
7f9c9e7ea000-7f9c9e7ee000 rw-p 00000000 00:00 0 
7f9c9e7ee000-7f9c9f434000 r-xp 00000000 08:01 6448                       /usr/lib/jvm/java-8-openjdk-amd64/jre/lib/amd64/server/libjvm.so
7f9c9f434000-7f9c9f634000 ---p 00c46000 08:01 6448                       /usr/lib/jvm/java-8-openjdk-amd64/jre/lib/amd64/server/libjvm.so
7f9c9f634000-7f9c9f6c7000 r--p 00c46000 08:01 6448                       /usr/lib/jvm/java-8-openjdk-amd64/jre/lib/amd64/server/libjvm.so
7f9c9f6c7000-7f9c9f6ef000 rw-p 00cd9000 08:01 6448                       /usr/lib/jvm/java-8-openjdk-amd64/jre/lib/amd64/server/libjvm.so
7f9c9f6ef000-7f9c9f71f000 rw-p 00000000 00:00 0 
7f9c9f71f000-7f9c9f737000 r-xp 00000000 08:01 6684986                    /lib/x86_64-linux-gnu/libpthread-2.23.so
7f9c9f737000-7f9c9f936000 ---p 00018000 08:01 6684986                    /lib/x86_64-linux-gnu/libpthread-2.23.so
7f9c9f936000-7f9c9f937000 r--p 00017000 08:01 6684986                    /lib/x86_64-linux-gnu/libpthread-2.23.so
7f9c9f937000-7f9c9f938000 rw-p 00018000 08:01 6684986                    /lib/x86_64-linux-gnu/libpthread-2.23.so
7f9c9f938000-7f9c9f93c000 rw-p 00000000 00:00 0 
7f9c9f93c000-7f9c9f93f000 r-xp 00000000 08:01 6684990                    /lib/x86_64-linux-gnu/libdl-2.23.so
7f9c9f93f000-7f9c9fb3e000 ---p 00003000 08:01 6684990                    /lib/x86_64-linux-gnu/libdl-2.23.so
7f9c9fb3e000-7f9c9fb3f000 r--p 00002000 08:01 6684990                    /lib/x86_64-linux-gnu/libdl-2.23.so
7f9c9fb3f000-7f9c9fb40000 rw-p 00003000 08:01 6684990                    /lib/x86_64-linux-gnu/libdl-2.23.so
7f9c9fb40000-7f9c9fb59000 r-xp 00000000 08:01 6685071                    /lib/x86_64-linux-gnu/libz.so.1.2.8
7f9c9fb59000-7f9c9fd58000 ---p 00019000 08:01 6685071                    /lib/x86_64-linux-gnu/libz.so.1.2.8
7f9c9fd58000-7f9c9fd59000 r--p 00018000 08:01 6685071                    /lib/x86_64-linux-gnu/libz.so.1.2.8
7f9c9fd59000-7f9c9fd5a000 rw-p 00019000 08:01 6685071                    /lib/x86_64-linux-gnu/libz.so.1.2.8
7f9c9fd5a000-7f9c9ff1a000 r-xp 00000000 08:01 6684988                    /lib/x86_64-linux-gnu/libc-2.23.so
7f9c9ff1a000-7f9ca0119000 ---p 001c0000 08:01 6684988                    /lib/x86_64-linux-gnu/libc-2.23.so
7f9ca0119000-7f9ca011d000 r--p 001bf000 08:01 6684988                    /lib/x86_64-linux-gnu/libc-2.23.so
7f9ca011d000-7f9ca011f000 rw-p 001c3000 08:01 6684988                    /lib/x86_64-linux-gnu/libc-2.23.so
7f9ca011f000-7f9ca0123000 rw-p 00000000 00:00 0 
7f9ca0123000-7f9ca0130000 r-xp 00000000 08:01 6463                       /usr/lib/jvm/java-8-openjdk-amd64/jre/lib/amd64/jli/libjli.so
7f9ca0130000-7f9ca0330000 ---p 0000d000 08:01 6463                       /usr/lib/jvm/java-8-openjdk-amd64/jre/lib/amd64/jli/libjli.so
7f9ca0330000-7f9ca0331000 r--p 0000d000 08:01 6463                       /usr/lib/jvm/java-8-openjdk-amd64/jre/lib/amd64/jli/libjli.so
7f9ca0331000-7f9ca0332000 rw-p 0000e000 08:01 6463                       /usr/lib/jvm/java-8-openjdk-amd64/jre/lib/amd64/jli/libjli.so
7f9ca0332000-7f9ca0358000 r-xp 00000000 08:01 6684982                    /lib/x86_64-linux-gnu/ld-2.23.so
7f9ca0358000-7f9ca035a000 r--s 00011000 00:2c 19006711                   /home/yogi/.p2/pool/plugins/org.eclipse.core.runtime_3.12.0.v20160606-1342.jar
7f9ca035a000-7f9ca035b000 r--s 00002000 00:2c 19005893                   /home/yogi/.p2/pool/plugins/org.eclipse.e4.ui.workbench3_0.13.100.v20160506-0759.jar
7f9ca035b000-7f9ca035f000 r--s 00019000 00:2c 19007301                   /home/yogi/.p2/pool/plugins/org.eclipse.core.commands_3.8.0.v20160316-1921.jar
7f9ca035f000-7f9ca0429000 rw-p 00000000 00:00 0 
7f9ca0429000-7f9ca042c000 ---p 00000000 00:00 0 
7f9ca042c000-7f9ca052f000 rw-p 00000000 00:00 0 
7f9ca052f000-7f9ca0530000 r--s 00004000 00:2c 19006219                   /home/yogi/.p2/pool/plugins/org.eclipse.swt_3.105.0.v20160603-0902.jar
7f9ca0530000-7f9ca0531000 r--s 00008000 08:01 6482                       /usr/lib/jvm/java-8-openjdk-amd64/jre/lib/ext/sunec.jar
7f9ca0531000-7f9ca0532000 r--s 0000a000 08:01 6483                       /usr/lib/jvm/java-8-openjdk-amd64/jre/lib/ext/jaccess.jar
7f9ca0532000-7f9ca053c000 r--s 00116000 08:01 6487                       /usr/lib/jvm/java-8-openjdk-amd64/jre/lib/ext/localedata.jar
7f9ca053c000-7f9ca0541000 r--s 0003b000 08:01 6485                       /usr/lib/jvm/java-8-openjdk-amd64/jre/lib/ext/sunjce_provider.jar
7f9ca0541000-7f9ca0545000 r--s 00037000 08:01 6488                       /usr/lib/jvm/java-8-openjdk-amd64/jre/lib/ext/sunpkcs11.jar
7f9ca0545000-7f9ca0548000 r--s 0000f000 08:01 6486                       /usr/lib/jvm/java-8-openjdk-amd64/jre/lib/ext/icedtea-sound.jar
7f9ca0548000-7f9ca054a000 r--s 00001000 08:01 6480                       /usr/lib/jvm/java-8-openjdk-amd64/jre/lib/ext/dnsns.jar
7f9ca054a000-7f9ca054b000 r--s 00010000 08:01 6484                       /usr/lib/jvm/java-8-openjdk-amd64/jre/lib/ext/zipfs.jar
7f9ca054b000-7f9ca0553000 rw-s 00000000 08:01 8130830                    /tmp/hsperfdata_yogi/28517
7f9ca0553000-7f9ca0554000 rw-p 00000000 00:00 0 
7f9ca0554000-7f9ca0555000 ---p 00000000 00:00 0 
7f9ca0555000-7f9ca0557000 rw-p 00000000 00:00 0 
7f9ca0557000-7f9ca0558000 r--p 00025000 08:01 6684982                    /lib/x86_64-linux-gnu/ld-2.23.so
7f9ca0558000-7f9ca0559000 rw-p 00026000 08:01 6684982                    /lib/x86_64-linux-gnu/ld-2.23.so
7f9ca0559000-7f9ca055a000 rw-p 00000000 00:00 0 
7fffa9e41000-7fffa9e63000 rw-p 00000000 00:00 0                          [stack]
7fffa9e93000-7fffa9e95000 r--p 00000000 00:00 0                          [vvar]
7fffa9e95000-7fffa9e97000 r-xp 00000000 00:00 0                          [vdso]
ffffffffff600000-ffffffffff601000 r-xp 00000000 00:00 0                  [vsyscall]

VM Arguments:
jvm_args: -ea -Dfile.encoding=UTF-8 
java_command: org.eclipse.jdt.internal.junit.runner.RemoteTestRunner -version 3 -port 34548 -testLoaderClass org.eclipse.jdt.internal.junit4.runner.JUnit4TestLoader -loaderpluginname org.eclipse.jdt.junit4.runtime -testNameFile /tmp/testNames3165235450022353546.txt
java_class_path (initial): /home/yogi/.p2/pool/plugins/org.eclipse.ui_3.108.0.v20160518-1929.jar:/home/yogi/.p2/pool/plugins/org.eclipse.swt_3.105.0.v20160603-0902.jar:/home/yogi/.p2/pool/plugins/org.eclipse.swt.gtk.linux.x86_64_3.105.0.v20160603-0902.jar:/home/yogi/.p2/pool/plugins/org.eclipse.jface_3.12.0.v20160518-1929.jar:/home/yogi/.p2/pool/plugins/org.eclipse.core.commands_3.8.0.v20160316-1921.jar:/home/yogi/.p2/pool/plugins/org.eclipse.ui.workbench_3.108.0.v20160602-1232.jar:/home/yogi/.p2/pool/plugins/org.eclipse.e4.ui.workbench3_0.13.100.v20160506-0759.jar:/home/yogi/.p2/pool/plugins/org.eclipse.core.runtime_3.12.0.v20160606-1342.jar:/home/yogi/.p2/pool/plugins/javax.inject_1.0.0.v20091030.jar:/home/yogi/.p2/pool/plugins/org.eclipse.osgi_3.11.0.v20160603-1336.jar:/home/yogi/.p2/pool/plugins/org.eclipse.osgi.compatibility.state_1.0.200.v20160504-1419.jar:/home/yogi/.p2/pool/plugins/org.eclipse.equinox.common_3.8.0.v20160509-1230.jar:/home/yogi/.p2/pool/plugins/org.eclipse.core.jobs_3.8.0.v20160509-0411.jar:/home/yogi/.p2/pool/plugins/org.eclipse.equinox.registry_3.6.100.v20160223-2218.jar:/home/yogi/.p2/pool/plugins/org.eclipse.equinox.preferences_3.6.0.v20160120-1756.jar:/home/yogi/.p2/pool/plugins/org.eclipse.core.contenttype_3.5.100.v20160418-1621.jar:/home/yogi/.p2/pool/plugins/org.eclipse.equinox.app_1.3.400.v20150715-1528.jar:/home/yogi/.p2/pool/plugins/org.eclipse.ltk.core.refactoring_3.7.0.v20160419-0705.jar:/home/yogi/.p2/pool/plugins/org.eclipse.ltk.ui.refactoring_3.8.0.v20160518-1817.jar:/home/yogi/.p2/pool/plugins/org.eclipse.jdt.core_3.12.0.v20160516-2131.jar:/home/yogi/.p2/pool/plugins/org.eclipse.jdt.compiler.apt_1.2.100.v20160418-1457.jar:/home/yogi/.p2/pool/plugins/org.eclipse.jdt.compiler.tool_1.1.100.v20160418-1457.jar:/home/yogi/.p2/pool/plugins/org.eclipse.jdt.ui_3.12.0.v20160525-1829.jar:/home/yogi/.p2/pool/plugins/org.eclipse.jface.text_3.11.0.v20160505-1301.jar:/home/yogi/.p2/pool/plugins/org.eclipse.text_3.6.0.v20160503-1849.jar:/h
Launcher Type: SUN_STANDARD

Environment Variables:
CLASSPATH=:/home/yogi/Workspace/HashMap/src:/home/yogi/Workspace/CLI/src:/home/yogi/Workspace/Pareto/src:/home/yogi/Workspace/Services/src:/home/yogi/Workspace/Services/test:/home/yogi/Workspace/Services/libs/junit-4.8.2.jar:/home/yogi/Workspace/Services/libs/hamcrest-all-1.2.jar:/home/yogi/Workspace/Services/libs/SSJ/ssj.jar
PATH=:/usr/local/texlive/2014/bin/x86_64-linux:/home/yogi/bin:/usr/local/sbin:/usr/local/bin:/usr/sbin:/usr/bin:/sbin:/bin:/usr/games:/usr/local/games:/opt/texbin:/snap/bin
SHELL=/bin/bash
DISPLAY=:0

Signal Handlers:
SIGSEGV: [libjvm.so+0xa5e970], sa_mask[0]=11111111011111111101111111111110, sa_flags=SA_RESTART|SA_SIGINFO
SIGBUS: [libjvm.so+0xa5e970], sa_mask[0]=11111111011111111101111111111110, sa_flags=SA_RESTART|SA_SIGINFO
SIGFPE: [libjvm.so+0x8a9ff0], sa_mask[0]=11111111011111111101111111111110, sa_flags=SA_RESTART|SA_SIGINFO
SIGPIPE: [libjvm.so+0x8a9ff0], sa_mask[0]=11111111011111111101111111111110, sa_flags=SA_RESTART|SA_SIGINFO
SIGXFSZ: [libjvm.so+0x8a9ff0], sa_mask[0]=11111111011111111101111111111110, sa_flags=SA_RESTART|SA_SIGINFO
SIGILL: [libjvm.so+0x8a9ff0], sa_mask[0]=11111111011111111101111111111110, sa_flags=SA_RESTART|SA_SIGINFO
SIGUSR1: SIG_DFL, sa_mask[0]=00000000000000000000000000000000, sa_flags=none
SIGUSR2: [libjvm.so+0x8a9ea0], sa_mask[0]=00100000000000000000000000000000, sa_flags=SA_RESTART|SA_SIGINFO
SIGHUP: [libjvm.so+0x8aa370], sa_mask[0]=11111111011111111101111111111110, sa_flags=SA_RESTART|SA_SIGINFO
SIGINT: SIG_IGN, sa_mask[0]=00000000000000000000000000000000, sa_flags=none
SIGTERM: [libjvm.so+0x8aa370], sa_mask[0]=11111111011111111101111111111110, sa_flags=SA_RESTART|SA_SIGINFO
SIGQUIT: [libjvm.so+0x8aa370], sa_mask[0]=11111111011111111101111111111110, sa_flags=SA_RESTART|SA_SIGINFO


---------------  S Y S T E M  ---------------

OS:DISTRIB_ID=Ubuntu
DISTRIB_RELEASE=16.04
DISTRIB_CODENAME=xenial
DISTRIB_DESCRIPTION="Ubuntu 16.04.1 LTS"

uname:Linux 4.4.0-34-generic #53-Ubuntu SMP Wed Jul 27 16:06:39 UTC 2016 x86_64
libc:glibc 2.23 NPTL 2.23 
rlimit: STACK 8192k, CORE 0k, NPROC 30583, NOFILE 65536, AS infinity
load average:3.12 2.22 1.30

/proc/meminfo:
MemTotal:        7868136 kB
MemFree:          108484 kB
MemAvailable:      14240 kB
Buffers:            1460 kB
Cached:           800516 kB
SwapCached:            0 kB
Active:          6756272 kB
Inactive:         720088 kB
Active(anon):    6749176 kB
Inactive(anon):   714476 kB
Active(file):       7096 kB
Inactive(file):     5612 kB
Unevictable:          68 kB
Mlocked:              68 kB
SwapTotal:             0 kB
SwapFree:              0 kB
Dirty:                 0 kB
Writeback:             0 kB
AnonPages:       6675160 kB
Mapped:           331768 kB
Shmem:            788564 kB
Slab:             150432 kB
SReclaimable:      74668 kB
SUnreclaim:        75764 kB
KernelStack:       15728 kB
PageTables:        63184 kB
NFS_Unstable:          0 kB
Bounce:                0 kB
WritebackTmp:          0 kB
CommitLimit:     3934068 kB
Committed_AS:   13944392 kB
VmallocTotal:   34359738367 kB
VmallocUsed:           0 kB
VmallocChunk:          0 kB
HardwareCorrupted:     0 kB
AnonHugePages:   3196928 kB
CmaTotal:              0 kB
CmaFree:               0 kB
HugePages_Total:       0
HugePages_Free:        0
HugePages_Rsvd:        0
HugePages_Surp:        0
Hugepagesize:       2048 kB
DirectMap4k:      273016 kB
DirectMap2M:     7804928 kB
DirectMap1G:     1048576 kB


CPU:total 4 (2 cores per cpu, 2 threads per core) family 6 model 61 stepping 4, cmov, cx8, fxsr, mmx, sse, sse2, sse3, ssse3, sse4.1, sse4.2, popcnt, avx, avx2, aes, clmul, erms, rtm, 3dnowpref, lzcnt, ht, tsc, tscinvbit, bmi1, bmi2, adx

/proc/cpuinfo:
processor	: 0
vendor_id	: GenuineIntel
cpu family	: 6
model		: 61
model name	: Intel(R) Core(TM) i7-5600U CPU @ 2.60GHz
stepping	: 4
microcode	: 0x22
cpu MHz		: 2685.718
cache size	: 4096 KB
physical id	: 0
siblings	: 4
core id		: 0
cpu cores	: 2
apicid		: 0
initial apicid	: 0
fpu		: yes
fpu_exception	: yes
cpuid level	: 20
wp		: yes
flags		: fpu vme de pse tsc msr pae mce cx8 apic sep mtrr pge mca cmov pat pse36 clflush dts acpi mmx fxsr sse sse2 ss ht tm pbe syscall nx pdpe1gb rdtscp lm constant_tsc arch_perfmon pebs bts rep_good nopl xtopology nonstop_tsc aperfmperf eagerfpu pni pclmulqdq dtes64 monitor ds_cpl vmx smx est tm2 ssse3 sdbg fma cx16 xtpr pdcm pcid sse4_1 sse4_2 x2apic movbe popcnt tsc_deadline_timer aes xsave avx f16c rdrand lahf_lm abm 3dnowprefetch epb intel_pt tpr_shadow vnmi flexpriority ept vpid fsgsbase tsc_adjust bmi1 hle avx2 smep bmi2 erms invpcid rtm rdseed adx smap xsaveopt dtherm ida arat pln pts
bugs		:
bogomips	: 5188.23
clflush size	: 64
cache_alignment	: 64
address sizes	: 39 bits physical, 48 bits virtual
power management:

processor	: 1
vendor_id	: GenuineIntel
cpu family	: 6
model		: 61
model name	: Intel(R) Core(TM) i7-5600U CPU @ 2.60GHz
stepping	: 4
microcode	: 0x22
cpu MHz		: 2720.046
cache size	: 4096 KB
physical id	: 0
siblings	: 4
core id		: 0
cpu cores	: 2
apicid		: 1
initial apicid	: 1
fpu		: yes
fpu_exception	: yes
cpuid level	: 20
wp		: yes
flags		: fpu vme de pse tsc msr pae mce cx8 apic sep mtrr pge mca cmov pat pse36 clflush dts acpi mmx fxsr sse sse2 ss ht tm pbe syscall nx pdpe1gb rdtscp lm constant_tsc arch_perfmon pebs bts rep_good nopl xtopology nonstop_tsc aperfmperf eagerfpu pni pclmulqdq dtes64 monitor ds_cpl vmx smx est tm2 ssse3 sdbg fma cx16 xtpr pdcm pcid sse4_1 sse4_2 x2apic movbe popcnt tsc_deadline_timer aes xsave avx f16c rdrand lahf_lm abm 3dnowprefetch epb intel_pt tpr_shadow vnmi flexpriority ept vpid fsgsbase tsc_adjust bmi1 hle avx2 smep bmi2 erms invpcid rtm rdseed adx smap xsaveopt dtherm ida arat pln pts
bugs		:
bogomips	: 5188.23
clflush size	: 64
cache_alignment	: 64
address sizes	: 39 bits physical, 48 bits virtual
power management:

processor	: 2
vendor_id	: GenuineIntel
cpu family	: 6
model		: 61
model name	: Intel(R) Core(TM) i7-5600U CPU @ 2.60GHz
stepping	: 4
microcode	: 0x22
cpu MHz		: 2687.953
cache size	: 4096 KB
physical id	: 0
siblings	: 4
core id		: 1
cpu cores	: 2
apicid		: 2
initial apicid	: 2
fpu		: yes
fpu_exception	: yes
cpuid level	: 20
wp		: yes
flags		: fpu vme de pse tsc msr pae mce cx8 apic sep mtrr pge mca cmov pat pse36 clflush dts acpi mmx fxsr sse sse2 ss ht tm pbe syscall nx pdpe1gb rdtscp lm constant_tsc arch_perfmon pebs bts rep_good nopl xtopology nonstop_tsc aperfmperf eagerfpu pni pclmulqdq dtes64 monitor ds_cpl vmx smx est tm2 ssse3 sdbg fma cx16 xtpr pdcm pcid sse4_1 sse4_2 x2apic movbe popcnt tsc_deadline_timer aes xsave avx f16c rdrand lahf_lm abm 3dnowprefetch epb intel_pt tpr_shadow vnmi flexpriority ept vpid fsgsbase tsc_adjust bmi1 hle avx2 smep bmi2 erms invpcid rtm rdseed adx smap xsaveopt dtherm ida arat pln pts
bugs		:
bogomips	: 5188.23
clflush size	: 64
cache_alignment	: 64
address sizes	: 39 bits physical, 48 bits virtual
power management:

processor	: 3
vendor_id	: GenuineIntel
cpu family	: 6
model		: 61
model name	: Intel(R) Core(TM) i7-5600U CPU @ 2.60GHz
stepping	: 4
microcode	: 0x22
cpu MHz		: 2686.835
cache size	: 4096 KB
physical id	: 0
siblings	: 4
core id		: 1
cpu cores	: 2
apicid		: 3
initial apicid	: 3
fpu		: yes
fpu_exception	: yes
cpuid level	: 20
wp		: yes
flags		: fpu vme de pse tsc msr pae mce cx8 apic sep mtrr pge mca cmov pat pse36 clflush dts acpi mmx fxsr sse sse2 ss ht tm pbe syscall nx pdpe1gb rdtscp lm constant_tsc arch_perfmon pebs bts rep_good nopl xtopology nonstop_tsc aperfmperf eagerfpu pni pclmulqdq dtes64 monitor ds_cpl vmx smx est tm2 ssse3 sdbg fma cx16 xtpr pdcm pcid sse4_1 sse4_2 x2apic movbe popcnt tsc_deadline_timer aes xsave avx f16c rdrand lahf_lm abm 3dnowprefetch epb intel_pt tpr_shadow vnmi flexpriority ept vpid fsgsbase tsc_adjust bmi1 hle avx2 smep bmi2 erms invpcid rtm rdseed adx smap xsaveopt dtherm ida arat pln pts
bugs		:
bogomips	: 5188.23
clflush size	: 64
cache_alignment	: 64
address sizes	: 39 bits physical, 48 bits virtual
power management:



Memory: 4k page, physical 7868136k(108928k free), swap 0k(0k free)

vm_info: OpenJDK 64-Bit Server VM (25.91-b14) for linux-amd64 JRE (1.8.0_91-8u91-b14-3ubuntu1~16.04.1-b14), built on Jul 21 2016 04:13:34 by "buildd" with gcc 5.3.1 20160413

time: Sat Aug 20 17:00:30 2016
elapsed time: 6 seconds (0d 0h 0m 6s)

